[0.659s] DEBUG:colcon:Command line arguments: ['/usr/bin/colcon', 'build']
[0.660s] DEBUG:colcon:Parsed command line arguments: Namespace(log_base=None, log_level=None, verb_name='build', build_base='build', install_base='install', merge_install=False, symlink_install=False, test_result_base=None, continue_on_error=False, executor='parallel', parallel_workers=8, event_handlers=None, ignore_user_meta=False, metas=['./colcon.meta'], base_paths=['.'], packages_ignore=None, packages_ignore_regex=None, paths=None, packages_up_to=None, packages_up_to_regex=None, packages_above=None, packages_above_and_dependencies=None, packages_above_depth=None, packages_select_by_dep=None, packages_skip_by_dep=None, packages_skip_up_to=None, packages_select_build_failed=False, packages_skip_build_finished=False, packages_select_test_failures=False, packages_skip_test_passed=False, packages_select=None, packages_skip=None, packages_select_regex=None, packages_skip_regex=None, packages_start=None, packages_end=None, allow_overriding=[], cmake_args=None, cmake_target=None, cmake_target_skip_unavailable=False, cmake_clean_cache=False, cmake_clean_first=False, cmake_force_configure=False, ament_cmake_args=None, catkin_cmake_args=None, catkin_skip_building_tests=False, verb_parser=<colcon_defaults.argument_parser.defaults.DefaultArgumentsDecorator object at 0x73b9c532fe20>, verb_extension=<colcon_core.verb.build.BuildVerb object at 0x73b9c532f910>, main=<bound method BuildVerb.main of <colcon_core.verb.build.BuildVerb object at 0x73b9c532f910>>)
[1.284s] Level 1:colcon.colcon_core.package_discovery:discover_packages(colcon_meta) check parameters
[1.284s] Level 1:colcon.colcon_core.package_discovery:discover_packages(recursive) check parameters
[1.284s] Level 1:colcon.colcon_core.package_discovery:discover_packages(ignore) check parameters
[1.284s] Level 1:colcon.colcon_core.package_discovery:discover_packages(path) check parameters
[1.284s] Level 1:colcon.colcon_core.package_discovery:discover_packages(colcon_meta) discover
[1.285s] Level 1:colcon.colcon_core.package_discovery:discover_packages(recursive) discover
[1.285s] INFO:colcon.colcon_core.package_discovery:Crawling recursively for packages in '/home/mimi/ran/random/happy_ws'
[1.285s] Level 1:colcon.colcon_core.package_identification:_identify(.) by extensions ['ignore', 'ignore_ament_install']
[1.285s] Level 1:colcon.colcon_core.package_identification:_identify(.) by extension 'ignore'
[1.286s] Level 1:colcon.colcon_core.package_identification:_identify(.) by extension 'ignore_ament_install'
[1.286s] Level 1:colcon.colcon_core.package_identification:_identify(.) by extensions ['colcon_pkg']
[1.286s] Level 1:colcon.colcon_core.package_identification:_identify(.) by extension 'colcon_pkg'
[1.286s] Level 1:colcon.colcon_core.package_identification:_identify(.) by extensions ['colcon_meta']
[1.286s] Level 1:colcon.colcon_core.package_identification:_identify(.) by extension 'colcon_meta'
[1.286s] Level 1:colcon.colcon_core.package_identification:_identify(.) by extensions ['ros']
[1.286s] Level 1:colcon.colcon_core.package_identification:_identify(.) by extension 'ros'
[1.315s] Level 1:colcon.colcon_core.package_identification:_identify(.) by extensions ['cmake', 'python']
[1.316s] Level 1:colcon.colcon_core.package_identification:_identify(.) by extension 'cmake'
[1.316s] Level 1:colcon.colcon_core.package_identification:_identify(.) by extension 'python'
[1.316s] Level 1:colcon.colcon_core.package_identification:_identify(.) by extensions ['python_setup_py']
[1.316s] Level 1:colcon.colcon_core.package_identification:_identify(.) by extension 'python_setup_py'
[1.316s] Level 1:colcon.colcon_core.package_identification:_identify(build) by extensions ['ignore', 'ignore_ament_install']
[1.317s] Level 1:colcon.colcon_core.package_identification:_identify(build) by extension 'ignore'
[1.317s] Level 1:colcon.colcon_core.package_identification:_identify(build) ignored
[1.317s] Level 1:colcon.colcon_core.package_identification:_identify(install) by extensions ['ignore', 'ignore_ament_install']
[1.317s] Level 1:colcon.colcon_core.package_identification:_identify(install) by extension 'ignore'
[1.317s] Level 1:colcon.colcon_core.package_identification:_identify(install) ignored
[1.318s] Level 1:colcon.colcon_core.package_identification:_identify(log) by extensions ['ignore', 'ignore_ament_install']
[1.318s] Level 1:colcon.colcon_core.package_identification:_identify(log) by extension 'ignore'
[1.318s] Level 1:colcon.colcon_core.package_identification:_identify(log) ignored
[1.318s] Level 1:colcon.colcon_core.package_identification:_identify(src) by extensions ['ignore', 'ignore_ament_install']
[1.318s] Level 1:colcon.colcon_core.package_identification:_identify(src) by extension 'ignore'
[1.318s] Level 1:colcon.colcon_core.package_identification:_identify(src) by extension 'ignore_ament_install'
[1.318s] Level 1:colcon.colcon_core.package_identification:_identify(src) by extensions ['colcon_pkg']
[1.318s] Level 1:colcon.colcon_core.package_identification:_identify(src) by extension 'colcon_pkg'
[1.318s] Level 1:colcon.colcon_core.package_identification:_identify(src) by extensions ['colcon_meta']
[1.318s] Level 1:colcon.colcon_core.package_identification:_identify(src) by extension 'colcon_meta'
[1.318s] Level 1:colcon.colcon_core.package_identification:_identify(src) by extensions ['ros']
[1.318s] Level 1:colcon.colcon_core.package_identification:_identify(src) by extension 'ros'
[1.318s] Level 1:colcon.colcon_core.package_identification:_identify(src) by extensions ['cmake', 'python']
[1.318s] Level 1:colcon.colcon_core.package_identification:_identify(src) by extension 'cmake'
[1.319s] Level 1:colcon.colcon_core.package_identification:_identify(src) by extension 'python'
[1.319s] Level 1:colcon.colcon_core.package_identification:_identify(src) by extensions ['python_setup_py']
[1.319s] Level 1:colcon.colcon_core.package_identification:_identify(src) by extension 'python_setup_py'
[1.320s] Level 1:colcon.colcon_core.package_identification:_identify(src/random) by extensions ['ignore', 'ignore_ament_install']
[1.320s] Level 1:colcon.colcon_core.package_identification:_identify(src/random) by extension 'ignore'
[1.321s] Level 1:colcon.colcon_core.package_identification:_identify(src/random) by extension 'ignore_ament_install'
[1.321s] Level 1:colcon.colcon_core.package_identification:_identify(src/random) by extensions ['colcon_pkg']
[1.321s] Level 1:colcon.colcon_core.package_identification:_identify(src/random) by extension 'colcon_pkg'
[1.321s] Level 1:colcon.colcon_core.package_identification:_identify(src/random) by extensions ['colcon_meta']
[1.321s] Level 1:colcon.colcon_core.package_identification:_identify(src/random) by extension 'colcon_meta'
[1.321s] Level 1:colcon.colcon_core.package_identification:_identify(src/random) by extensions ['ros']
[1.321s] Level 1:colcon.colcon_core.package_identification:_identify(src/random) by extension 'ros'
[1.328s] DEBUG:colcon.colcon_core.package_identification:Package 'src/random' with type 'ros.ament_python' and name 'random'
[1.330s] Level 1:colcon.colcon_core.package_identification:_identify(src/service) by extensions ['ignore', 'ignore_ament_install']
[1.330s] Level 1:colcon.colcon_core.package_identification:_identify(src/service) by extension 'ignore'
[1.330s] Level 1:colcon.colcon_core.package_identification:_identify(src/service) by extension 'ignore_ament_install'
[1.330s] Level 1:colcon.colcon_core.package_identification:_identify(src/service) by extensions ['colcon_pkg']
[1.330s] Level 1:colcon.colcon_core.package_identification:_identify(src/service) by extension 'colcon_pkg'
[1.331s] Level 1:colcon.colcon_core.package_identification:_identify(src/service) by extensions ['colcon_meta']
[1.331s] Level 1:colcon.colcon_core.package_identification:_identify(src/service) by extension 'colcon_meta'
[1.331s] Level 1:colcon.colcon_core.package_identification:_identify(src/service) by extensions ['ros']
[1.331s] Level 1:colcon.colcon_core.package_identification:_identify(src/service) by extension 'ros'
[1.333s] DEBUG:colcon.colcon_core.package_identification:Package 'src/service' with type 'ros.ament_python' and name 'service'
[1.334s] Level 1:colcon.colcon_core.package_identification:_identify(src/service_msgs) by extensions ['ignore', 'ignore_ament_install']
[1.334s] Level 1:colcon.colcon_core.package_identification:_identify(src/service_msgs) by extension 'ignore'
[1.334s] Level 1:colcon.colcon_core.package_identification:_identify(src/service_msgs) by extension 'ignore_ament_install'
[1.335s] Level 1:colcon.colcon_core.package_identification:_identify(src/service_msgs) by extensions ['colcon_pkg']
[1.335s] Level 1:colcon.colcon_core.package_identification:_identify(src/service_msgs) by extension 'colcon_pkg'
[1.335s] Level 1:colcon.colcon_core.package_identification:_identify(src/service_msgs) by extensions ['colcon_meta']
[1.335s] Level 1:colcon.colcon_core.package_identification:_identify(src/service_msgs) by extension 'colcon_meta'
[1.335s] Level 1:colcon.colcon_core.package_identification:_identify(src/service_msgs) by extensions ['ros']
[1.335s] Level 1:colcon.colcon_core.package_identification:_identify(src/service_msgs) by extension 'ros'
[1.337s] DEBUG:colcon.colcon_core.package_identification:Package 'src/service_msgs' with type 'ros.ament_cmake' and name 'service_msgs'
[1.337s] Level 1:colcon.colcon_core.package_discovery:discover_packages(recursive) using defaults
[1.337s] Level 1:colcon.colcon_core.package_discovery:discover_packages(ignore) discover
[1.337s] Level 1:colcon.colcon_core.package_discovery:discover_packages(ignore) using defaults
[1.337s] Level 1:colcon.colcon_core.package_discovery:discover_packages(path) discover
[1.337s] Level 1:colcon.colcon_core.package_discovery:discover_packages(path) using defaults
[1.405s] Level 1:colcon.colcon_core.package_discovery:discover_packages(prefix_path) check parameters
[1.405s] Level 1:colcon.colcon_core.package_discovery:discover_packages(prefix_path) discover
[1.412s] DEBUG:colcon.colcon_installed_package_information.package_discovery:Found 0 installed packages in /home/mimi/edu_ws/install
[1.415s] DEBUG:colcon.colcon_installed_package_information.package_discovery:Found 271 installed packages in /opt/ros/humble
[1.431s] Level 1:colcon.colcon_core.package_discovery:discover_packages(prefix_path) using defaults
[1.514s] Level 5:colcon.colcon_core.verb:set package 'random' build argument 'cmake_args' from command line to 'None'
[1.514s] Level 5:colcon.colcon_core.verb:set package 'random' build argument 'cmake_target' from command line to 'None'
[1.514s] Level 5:colcon.colcon_core.verb:set package 'random' build argument 'cmake_target_skip_unavailable' from command line to 'False'
[1.515s] Level 5:colcon.colcon_core.verb:set package 'random' build argument 'cmake_clean_cache' from command line to 'False'
[1.515s] Level 5:colcon.colcon_core.verb:set package 'random' build argument 'cmake_clean_first' from command line to 'False'
[1.515s] Level 5:colcon.colcon_core.verb:set package 'random' build argument 'cmake_force_configure' from command line to 'False'
[1.515s] Level 5:colcon.colcon_core.verb:set package 'random' build argument 'ament_cmake_args' from command line to 'None'
[1.515s] Level 5:colcon.colcon_core.verb:set package 'random' build argument 'catkin_cmake_args' from command line to 'None'
[1.515s] Level 5:colcon.colcon_core.verb:set package 'random' build argument 'catkin_skip_building_tests' from command line to 'False'
[1.515s] DEBUG:colcon.colcon_core.verb:Building package 'random' with the following arguments: {'ament_cmake_args': None, 'build_base': '/home/mimi/ran/random/happy_ws/build/random', 'catkin_cmake_args': None, 'catkin_skip_building_tests': False, 'cmake_args': None, 'cmake_clean_cache': False, 'cmake_clean_first': False, 'cmake_force_configure': False, 'cmake_target': None, 'cmake_target_skip_unavailable': False, 'install_base': '/home/mimi/ran/random/happy_ws/install/random', 'merge_install': False, 'path': '/home/mimi/ran/random/happy_ws/src/random', 'symlink_install': False, 'test_result_base': None}
[1.516s] Level 5:colcon.colcon_core.verb:set package 'service' build argument 'cmake_args' from command line to 'None'
[1.516s] Level 5:colcon.colcon_core.verb:set package 'service' build argument 'cmake_target' from command line to 'None'
[1.516s] Level 5:colcon.colcon_core.verb:set package 'service' build argument 'cmake_target_skip_unavailable' from command line to 'False'
[1.516s] Level 5:colcon.colcon_core.verb:set package 'service' build argument 'cmake_clean_cache' from command line to 'False'
[1.516s] Level 5:colcon.colcon_core.verb:set package 'service' build argument 'cmake_clean_first' from command line to 'False'
[1.516s] Level 5:colcon.colcon_core.verb:set package 'service' build argument 'cmake_force_configure' from command line to 'False'
[1.516s] Level 5:colcon.colcon_core.verb:set package 'service' build argument 'ament_cmake_args' from command line to 'None'
[1.516s] Level 5:colcon.colcon_core.verb:set package 'service' build argument 'catkin_cmake_args' from command line to 'None'
[1.516s] Level 5:colcon.colcon_core.verb:set package 'service' build argument 'catkin_skip_building_tests' from command line to 'False'
[1.517s] DEBUG:colcon.colcon_core.verb:Building package 'service' with the following arguments: {'ament_cmake_args': None, 'build_base': '/home/mimi/ran/random/happy_ws/build/service', 'catkin_cmake_args': None, 'catkin_skip_building_tests': False, 'cmake_args': None, 'cmake_clean_cache': False, 'cmake_clean_first': False, 'cmake_force_configure': False, 'cmake_target': None, 'cmake_target_skip_unavailable': False, 'install_base': '/home/mimi/ran/random/happy_ws/install/service', 'merge_install': False, 'path': '/home/mimi/ran/random/happy_ws/src/service', 'symlink_install': False, 'test_result_base': None}
[1.517s] Level 5:colcon.colcon_core.verb:set package 'service_msgs' build argument 'cmake_args' from command line to 'None'
[1.517s] Level 5:colcon.colcon_core.verb:set package 'service_msgs' build argument 'cmake_target' from command line to 'None'
[1.517s] Level 5:colcon.colcon_core.verb:set package 'service_msgs' build argument 'cmake_target_skip_unavailable' from command line to 'False'
[1.517s] Level 5:colcon.colcon_core.verb:set package 'service_msgs' build argument 'cmake_clean_cache' from command line to 'False'
[1.518s] Level 5:colcon.colcon_core.verb:set package 'service_msgs' build argument 'cmake_clean_first' from command line to 'False'
[1.518s] Level 5:colcon.colcon_core.verb:set package 'service_msgs' build argument 'cmake_force_configure' from command line to 'False'
[1.518s] Level 5:colcon.colcon_core.verb:set package 'service_msgs' build argument 'ament_cmake_args' from command line to 'None'
[1.518s] Level 5:colcon.colcon_core.verb:set package 'service_msgs' build argument 'catkin_cmake_args' from command line to 'None'
[1.518s] Level 5:colcon.colcon_core.verb:set package 'service_msgs' build argument 'catkin_skip_building_tests' from command line to 'False'
[1.518s] DEBUG:colcon.colcon_core.verb:Building package 'service_msgs' with the following arguments: {'ament_cmake_args': None, 'build_base': '/home/mimi/ran/random/happy_ws/build/service_msgs', 'catkin_cmake_args': None, 'catkin_skip_building_tests': False, 'cmake_args': None, 'cmake_clean_cache': False, 'cmake_clean_first': False, 'cmake_force_configure': False, 'cmake_target': None, 'cmake_target_skip_unavailable': False, 'install_base': '/home/mimi/ran/random/happy_ws/install/service_msgs', 'merge_install': False, 'path': '/home/mimi/ran/random/happy_ws/src/service_msgs', 'symlink_install': False, 'test_result_base': None}
[1.518s] INFO:colcon.colcon_core.executor:Executing jobs using 'parallel' executor
[1.520s] DEBUG:colcon.colcon_parallel_executor.executor.parallel:run_until_complete
[1.520s] INFO:colcon.colcon_ros.task.ament_python.build:Building ROS package in '/home/mimi/ran/random/happy_ws/src/random' with build type 'ament_python'
[1.520s] Level 1:colcon.colcon_core.shell:create_environment_hook('random', 'ament_prefix_path')
[1.534s] INFO:colcon.colcon_core.plugin_system:Skipping extension 'colcon_core.shell.bat': Not used on non-Windows systems
[1.535s] INFO:colcon.colcon_core.shell:Creating environment hook '/home/mimi/ran/random/happy_ws/install/random/share/random/hook/ament_prefix_path.ps1'
[1.539s] INFO:colcon.colcon_core.shell:Creating environment descriptor '/home/mimi/ran/random/happy_ws/install/random/share/random/hook/ament_prefix_path.dsv'
[1.541s] INFO:colcon.colcon_core.shell:Creating environment hook '/home/mimi/ran/random/happy_ws/install/random/share/random/hook/ament_prefix_path.sh'
[1.542s] INFO:colcon.colcon_core.shell:Skip shell extension 'powershell' for command environment: Not usable outside of PowerShell
[1.542s] DEBUG:colcon.colcon_core.shell:Skip shell extension 'dsv' for command environment
[1.551s] INFO:colcon.colcon_ros.task.ament_python.build:Building ROS package in '/home/mimi/ran/random/happy_ws/src/service' with build type 'ament_python'
[1.551s] Level 1:colcon.colcon_core.shell:create_environment_hook('service', 'ament_prefix_path')
[1.552s] INFO:colcon.colcon_core.shell:Creating environment hook '/home/mimi/ran/random/happy_ws/install/service/share/service/hook/ament_prefix_path.ps1'
[1.559s] INFO:colcon.colcon_core.shell:Creating environment descriptor '/home/mimi/ran/random/happy_ws/install/service/share/service/hook/ament_prefix_path.dsv'
[1.560s] INFO:colcon.colcon_core.shell:Creating environment hook '/home/mimi/ran/random/happy_ws/install/service/share/service/hook/ament_prefix_path.sh'
[1.562s] INFO:colcon.colcon_core.shell:Skip shell extension 'powershell' for command environment: Not usable outside of PowerShell
[1.562s] DEBUG:colcon.colcon_core.shell:Skip shell extension 'dsv' for command environment
[1.569s] INFO:colcon.colcon_ros.task.ament_cmake.build:Building ROS package in '/home/mimi/ran/random/happy_ws/src/service_msgs' with build type 'ament_cmake'
[1.569s] INFO:colcon.colcon_cmake.task.cmake.build:Building CMake package in '/home/mimi/ran/random/happy_ws/src/service_msgs'
[1.569s] INFO:colcon.colcon_core.shell:Skip shell extension 'powershell' for command environment: Not usable outside of PowerShell
[1.569s] DEBUG:colcon.colcon_core.shell:Skip shell extension 'dsv' for command environment
[2.154s] INFO:colcon.colcon_core.task.python.build:Building Python package in '/home/mimi/ran/random/happy_ws/src/random'
[2.155s] INFO:colcon.colcon_core.shell:Skip shell extension 'powershell' for command environment: Not usable outside of PowerShell
[2.155s] DEBUG:colcon.colcon_core.shell:Skip shell extension 'dsv' for command environment
[2.731s] INFO:colcon.colcon_core.task.python.build:Building Python package in '/home/mimi/ran/random/happy_ws/src/service'
[2.732s] INFO:colcon.colcon_core.shell:Skip shell extension 'powershell' for command environment: Not usable outside of PowerShell
[2.732s] DEBUG:colcon.colcon_core.shell:Skip shell extension 'dsv' for command environment
[2.753s] DEBUG:colcon.colcon_core.event_handler.log_command:Invoking command in '/home/mimi/ran/random/happy_ws/build/service_msgs': CMAKE_PREFIX_PATH=/opt/ros/humble /usr/bin/cmake --build /home/mimi/ran/random/happy_ws/build/service_msgs -- -j8 -l8
[3.015s] DEBUG:colcon.colcon_core.event_handler.log_command:Invoked command in '/home/mimi/ran/random/happy_ws/build/service_msgs' returned '0': CMAKE_PREFIX_PATH=/opt/ros/humble /usr/bin/cmake --build /home/mimi/ran/random/happy_ws/build/service_msgs -- -j8 -l8
[3.046s] DEBUG:colcon.colcon_core.event_handler.log_command:Invoking command in '/home/mimi/ran/random/happy_ws/build/service_msgs': CMAKE_PREFIX_PATH=/opt/ros/humble /usr/bin/cmake --install /home/mimi/ran/random/happy_ws/build/service_msgs
[3.084s] Level 1:colcon.colcon_core.environment:create_environment_scripts_only(service_msgs)
[3.086s] DEBUG:colcon.colcon_core.event_handler.log_command:Invoked command in '/home/mimi/ran/random/happy_ws/build/service_msgs' returned '0': CMAKE_PREFIX_PATH=/opt/ros/humble /usr/bin/cmake --install /home/mimi/ran/random/happy_ws/build/service_msgs
[3.100s] Level 1:colcon.colcon_core.environment:checking '/home/mimi/ran/random/happy_ws/install/service_msgs' for CMake module files
[3.101s] Level 1:colcon.colcon_core.environment:checking '/home/mimi/ran/random/happy_ws/install/service_msgs' for CMake config files
[3.104s] Level 1:colcon.colcon_core.shell:create_environment_hook('service_msgs', 'cmake_prefix_path')
[3.104s] INFO:colcon.colcon_core.shell:Creating environment hook '/home/mimi/ran/random/happy_ws/install/service_msgs/share/service_msgs/hook/cmake_prefix_path.ps1'
[3.107s] INFO:colcon.colcon_core.shell:Creating environment descriptor '/home/mimi/ran/random/happy_ws/install/service_msgs/share/service_msgs/hook/cmake_prefix_path.dsv'
[3.107s] INFO:colcon.colcon_core.shell:Creating environment hook '/home/mimi/ran/random/happy_ws/install/service_msgs/share/service_msgs/hook/cmake_prefix_path.sh'
[3.108s] Level 1:colcon.colcon_core.environment:checking '/home/mimi/ran/random/happy_ws/install/service_msgs/bin'
[3.108s] Level 1:colcon.colcon_core.environment:checking '/home/mimi/ran/random/happy_ws/install/service_msgs/lib/pkgconfig/service_msgs.pc'
[3.108s] Level 1:colcon.colcon_core.environment:checking '/home/mimi/ran/random/happy_ws/install/service_msgs/lib/python3.10/site-packages'
[3.108s] Level 1:colcon.colcon_core.environment:checking '/home/mimi/ran/random/happy_ws/install/service_msgs/bin'
[3.109s] INFO:colcon.colcon_core.shell:Creating package script '/home/mimi/ran/random/happy_ws/install/service_msgs/share/service_msgs/package.ps1'
[3.112s] INFO:colcon.colcon_core.shell:Creating package descriptor '/home/mimi/ran/random/happy_ws/install/service_msgs/share/service_msgs/package.dsv'
[3.113s] INFO:colcon.colcon_core.shell:Creating package script '/home/mimi/ran/random/happy_ws/install/service_msgs/share/service_msgs/package.sh'
[3.114s] INFO:colcon.colcon_core.shell:Creating package script '/home/mimi/ran/random/happy_ws/install/service_msgs/share/service_msgs/package.bash'
[3.117s] INFO:colcon.colcon_core.shell:Creating package script '/home/mimi/ran/random/happy_ws/install/service_msgs/share/service_msgs/package.zsh'
[3.119s] Level 1:colcon.colcon_core.environment:create_file_with_runtime_dependencies(/home/mimi/ran/random/happy_ws/install/service_msgs/share/colcon-core/packages/service_msgs)
[3.120s] Level 1:colcon.colcon_core.environment:create_environment_scripts_only(service_msgs)
[3.121s] Level 1:colcon.colcon_core.environment:checking '/home/mimi/ran/random/happy_ws/install/service_msgs' for CMake module files
[3.123s] Level 1:colcon.colcon_core.environment:checking '/home/mimi/ran/random/happy_ws/install/service_msgs' for CMake config files
[3.124s] Level 1:colcon.colcon_core.shell:create_environment_hook('service_msgs', 'cmake_prefix_path')
[3.124s] INFO:colcon.colcon_core.shell:Creating environment hook '/home/mimi/ran/random/happy_ws/install/service_msgs/share/service_msgs/hook/cmake_prefix_path.ps1'
[3.126s] INFO:colcon.colcon_core.shell:Creating environment descriptor '/home/mimi/ran/random/happy_ws/install/service_msgs/share/service_msgs/hook/cmake_prefix_path.dsv'
[3.127s] INFO:colcon.colcon_core.shell:Creating environment hook '/home/mimi/ran/random/happy_ws/install/service_msgs/share/service_msgs/hook/cmake_prefix_path.sh'
[3.129s] Level 1:colcon.colcon_core.environment:checking '/home/mimi/ran/random/happy_ws/install/service_msgs/bin'
[3.130s] Level 1:colcon.colcon_core.environment:checking '/home/mimi/ran/random/happy_ws/install/service_msgs/lib/pkgconfig/service_msgs.pc'
[3.130s] Level 1:colcon.colcon_core.environment:checking '/home/mimi/ran/random/happy_ws/install/service_msgs/lib/python3.10/site-packages'
[3.133s] Level 1:colcon.colcon_core.environment:checking '/home/mimi/ran/random/happy_ws/install/service_msgs/bin'
[3.133s] INFO:colcon.colcon_core.shell:Creating package script '/home/mimi/ran/random/happy_ws/install/service_msgs/share/service_msgs/package.ps1'
[3.134s] INFO:colcon.colcon_core.shell:Creating package descriptor '/home/mimi/ran/random/happy_ws/install/service_msgs/share/service_msgs/package.dsv'
[3.135s] INFO:colcon.colcon_core.shell:Creating package script '/home/mimi/ran/random/happy_ws/install/service_msgs/share/service_msgs/package.sh'
[3.137s] INFO:colcon.colcon_core.shell:Creating package script '/home/mimi/ran/random/happy_ws/install/service_msgs/share/service_msgs/package.bash'
[3.138s] INFO:colcon.colcon_core.shell:Creating package script '/home/mimi/ran/random/happy_ws/install/service_msgs/share/service_msgs/package.zsh'
[3.139s] Level 1:colcon.colcon_core.environment:create_file_with_runtime_dependencies(/home/mimi/ran/random/happy_ws/install/service_msgs/share/colcon-core/packages/service_msgs)
[3.888s] DEBUG:colcon.colcon_core.event_handler.log_command:Invoking command in '/home/mimi/ran/random/happy_ws/src/service': PYTHONPATH=/home/mimi/ran/random/happy_ws/build/service/prefix_override:/usr/lib/python3/dist-packages/colcon_core/task/python/colcon_distutils_commands:/home/mimi/ran/random/happy_ws/install/service/lib/python3.10/site-packages:${PYTHONPATH} /usr/bin/python3 -W ignore:setup.py install is deprecated -W ignore:easy_install command is deprecated setup.py egg_info --egg-base ../../build/service build --build-base /home/mimi/ran/random/happy_ws/build/service/build install --record /home/mimi/ran/random/happy_ws/build/service/install.log --single-version-externally-managed install_data
[3.902s] DEBUG:colcon.colcon_core.event_handler.log_command:Invoking command in '/home/mimi/ran/random/happy_ws/src/random': PYTHONPATH=/home/mimi/ran/random/happy_ws/build/random/prefix_override:/usr/lib/python3/dist-packages/colcon_core/task/python/colcon_distutils_commands:/home/mimi/ran/random/happy_ws/install/random/lib/python3.10/site-packages:${PYTHONPATH} /usr/bin/python3 -W ignore:setup.py install is deprecated -W ignore:easy_install command is deprecated setup.py egg_info --egg-base ../../build/random build --build-base /home/mimi/ran/random/happy_ws/build/random/build install --record /home/mimi/ran/random/happy_ws/build/random/install.log --single-version-externally-managed install_data
[4.875s] Level 1:colcon.colcon_core.environment:checking '/home/mimi/ran/random/happy_ws/install/service' for CMake module files
[4.876s] DEBUG:colcon.colcon_core.event_handler.log_command:Invoked command in '/home/mimi/ran/random/happy_ws/src/service' returned '0': PYTHONPATH=/home/mimi/ran/random/happy_ws/build/service/prefix_override:/usr/lib/python3/dist-packages/colcon_core/task/python/colcon_distutils_commands:/home/mimi/ran/random/happy_ws/install/service/lib/python3.10/site-packages:${PYTHONPATH} /usr/bin/python3 -W ignore:setup.py install is deprecated -W ignore:easy_install command is deprecated setup.py egg_info --egg-base ../../build/service build --build-base /home/mimi/ran/random/happy_ws/build/service/build install --record /home/mimi/ran/random/happy_ws/build/service/install.log --single-version-externally-managed install_data
[4.877s] Level 1:colcon.colcon_core.environment:checking '/home/mimi/ran/random/happy_ws/install/service' for CMake config files
[4.884s] Level 1:colcon.colcon_core.environment:checking '/home/mimi/ran/random/happy_ws/install/service/lib'
[4.884s] Level 1:colcon.colcon_core.environment:checking '/home/mimi/ran/random/happy_ws/install/service/bin'
[4.885s] Level 1:colcon.colcon_core.environment:checking '/home/mimi/ran/random/happy_ws/install/service/lib/pkgconfig/service.pc'
[4.885s] Level 1:colcon.colcon_core.environment:checking '/home/mimi/ran/random/happy_ws/install/service/lib/python3.10/site-packages'
[4.886s] Level 1:colcon.colcon_core.shell:create_environment_hook('service', 'pythonpath')
[4.886s] INFO:colcon.colcon_core.shell:Creating environment hook '/home/mimi/ran/random/happy_ws/install/service/share/service/hook/pythonpath.ps1'
[4.888s] INFO:colcon.colcon_core.shell:Creating environment descriptor '/home/mimi/ran/random/happy_ws/install/service/share/service/hook/pythonpath.dsv'
[4.888s] INFO:colcon.colcon_core.shell:Creating environment hook '/home/mimi/ran/random/happy_ws/install/service/share/service/hook/pythonpath.sh'
[4.889s] Level 1:colcon.colcon_core.environment:checking '/home/mimi/ran/random/happy_ws/install/service/bin'
[4.890s] Level 1:colcon.colcon_core.environment:create_environment_scripts_only(service)
[4.891s] INFO:colcon.colcon_core.shell:Creating package script '/home/mimi/ran/random/happy_ws/install/service/share/service/package.ps1'
[4.892s] INFO:colcon.colcon_core.shell:Creating package descriptor '/home/mimi/ran/random/happy_ws/install/service/share/service/package.dsv'
[4.893s] INFO:colcon.colcon_core.shell:Creating package script '/home/mimi/ran/random/happy_ws/install/service/share/service/package.sh'
[4.895s] INFO:colcon.colcon_core.shell:Creating package script '/home/mimi/ran/random/happy_ws/install/service/share/service/package.bash'
[4.896s] INFO:colcon.colcon_core.shell:Creating package script '/home/mimi/ran/random/happy_ws/install/service/share/service/package.zsh'
[4.898s] Level 1:colcon.colcon_core.environment:create_file_with_runtime_dependencies(/home/mimi/ran/random/happy_ws/install/service/share/colcon-core/packages/service)
[4.912s] Level 1:colcon.colcon_core.environment:checking '/home/mimi/ran/random/happy_ws/install/random' for CMake module files
[4.913s] DEBUG:colcon.colcon_core.event_handler.log_command:Invoked command in '/home/mimi/ran/random/happy_ws/src/random' returned '0': PYTHONPATH=/home/mimi/ran/random/happy_ws/build/random/prefix_override:/usr/lib/python3/dist-packages/colcon_core/task/python/colcon_distutils_commands:/home/mimi/ran/random/happy_ws/install/random/lib/python3.10/site-packages:${PYTHONPATH} /usr/bin/python3 -W ignore:setup.py install is deprecated -W ignore:easy_install command is deprecated setup.py egg_info --egg-base ../../build/random build --build-base /home/mimi/ran/random/happy_ws/build/random/build install --record /home/mimi/ran/random/happy_ws/build/random/install.log --single-version-externally-managed install_data
[4.915s] Level 1:colcon.colcon_core.environment:checking '/home/mimi/ran/random/happy_ws/install/random' for CMake config files
[4.919s] Level 1:colcon.colcon_core.environment:checking '/home/mimi/ran/random/happy_ws/install/random/lib'
[4.919s] Level 1:colcon.colcon_core.environment:checking '/home/mimi/ran/random/happy_ws/install/random/bin'
[4.919s] Level 1:colcon.colcon_core.environment:checking '/home/mimi/ran/random/happy_ws/install/random/lib/pkgconfig/random.pc'
[4.920s] Level 1:colcon.colcon_core.environment:checking '/home/mimi/ran/random/happy_ws/install/random/lib/python3.10/site-packages'
[4.920s] Level 1:colcon.colcon_core.shell:create_environment_hook('random', 'pythonpath')
[4.921s] INFO:colcon.colcon_core.shell:Creating environment hook '/home/mimi/ran/random/happy_ws/install/random/share/random/hook/pythonpath.ps1'
[4.922s] INFO:colcon.colcon_core.shell:Creating environment descriptor '/home/mimi/ran/random/happy_ws/install/random/share/random/hook/pythonpath.dsv'
[4.924s] INFO:colcon.colcon_core.shell:Creating environment hook '/home/mimi/ran/random/happy_ws/install/random/share/random/hook/pythonpath.sh'
[4.926s] Level 1:colcon.colcon_core.environment:checking '/home/mimi/ran/random/happy_ws/install/random/bin'
[4.926s] Level 1:colcon.colcon_core.environment:create_environment_scripts_only(random)
[4.927s] INFO:colcon.colcon_core.shell:Creating package script '/home/mimi/ran/random/happy_ws/install/random/share/random/package.ps1'
[4.929s] INFO:colcon.colcon_core.shell:Creating package descriptor '/home/mimi/ran/random/happy_ws/install/random/share/random/package.dsv'
[4.931s] INFO:colcon.colcon_core.shell:Creating package script '/home/mimi/ran/random/happy_ws/install/random/share/random/package.sh'
[4.932s] INFO:colcon.colcon_core.shell:Creating package script '/home/mimi/ran/random/happy_ws/install/random/share/random/package.bash'
[4.934s] INFO:colcon.colcon_core.shell:Creating package script '/home/mimi/ran/random/happy_ws/install/random/share/random/package.zsh'
[4.935s] Level 1:colcon.colcon_core.environment:create_file_with_runtime_dependencies(/home/mimi/ran/random/happy_ws/install/random/share/colcon-core/packages/random)
[4.936s] DEBUG:colcon.colcon_parallel_executor.executor.parallel:closing loop
[4.938s] DEBUG:colcon.colcon_parallel_executor.executor.parallel:loop closed
[4.939s] DEBUG:colcon.colcon_parallel_executor.executor.parallel:run_until_complete finished with '0'
[4.940s] DEBUG:colcon.colcon_core.event_reactor:joining thread
[4.963s] INFO:colcon.colcon_core.plugin_system:Skipping extension 'colcon_notification.desktop_notification.terminal_notifier': Not used on non-Darwin systems
[4.963s] INFO:colcon.colcon_core.plugin_system:Skipping extension 'colcon_notification.desktop_notification.win32': Not used on non-Windows systems
[4.963s] INFO:colcon.colcon_notification.desktop_notification:Sending desktop notification using 'notify2'
[5.037s] DEBUG:colcon.colcon_core.event_reactor:joined thread
[5.038s] INFO:colcon.colcon_core.shell:Creating prefix script '/home/mimi/ran/random/happy_ws/install/local_setup.ps1'
[5.042s] INFO:colcon.colcon_core.shell:Creating prefix util module '/home/mimi/ran/random/happy_ws/install/_local_setup_util_ps1.py'
[5.048s] INFO:colcon.colcon_core.shell:Creating prefix chain script '/home/mimi/ran/random/happy_ws/install/setup.ps1'
[5.052s] INFO:colcon.colcon_core.shell:Creating prefix script '/home/mimi/ran/random/happy_ws/install/local_setup.sh'
[5.055s] INFO:colcon.colcon_core.shell:Creating prefix util module '/home/mimi/ran/random/happy_ws/install/_local_setup_util_sh.py'
[5.057s] INFO:colcon.colcon_core.shell:Creating prefix chain script '/home/mimi/ran/random/happy_ws/install/setup.sh'
[5.062s] INFO:colcon.colcon_core.shell:Creating prefix script '/home/mimi/ran/random/happy_ws/install/local_setup.bash'
[5.065s] INFO:colcon.colcon_core.shell:Creating prefix chain script '/home/mimi/ran/random/happy_ws/install/setup.bash'
[5.070s] INFO:colcon.colcon_core.shell:Creating prefix script '/home/mimi/ran/random/happy_ws/install/local_setup.zsh'
[5.073s] INFO:colcon.colcon_core.shell:Creating prefix chain script '/home/mimi/ran/random/happy_ws/install/setup.zsh'
