[2.335s] Invoking command in '/home/mimi/ran/random/happy_ws/src/service': PYTHONPATH=/home/mimi/ran/random/happy_ws/build/service/prefix_override:/usr/lib/python3/dist-packages/colcon_core/task/python/colcon_distutils_commands:/home/mimi/ran/random/happy_ws/install/service/lib/python3.10/site-packages:${PYTHONPATH} /usr/bin/python3 -W ignore:setup.py install is deprecated -W ignore:easy_install command is deprecated setup.py egg_info --egg-base ../../build/service build --build-base /home/mimi/ran/random/happy_ws/build/service/build install --record /home/mimi/ran/random/happy_ws/build/service/install.log --single-version-externally-managed install_data
[3.126s] running egg_info
[3.127s] writing ../../build/service/service.egg-info/PKG-INFO
[3.129s] writing dependency_links to ../../build/service/service.egg-info/dependency_links.txt
[3.130s] writing entry points to ../../build/service/service.egg-info/entry_points.txt
[3.130s] writing requirements to ../../build/service/service.egg-info/requires.txt
[3.131s] writing top-level names to ../../build/service/service.egg-info/top_level.txt
[3.141s] reading manifest file '../../build/service/service.egg-info/SOURCES.txt'
[3.143s] writing manifest file '../../build/service/service.egg-info/SOURCES.txt'
[3.143s] running build
[3.143s] running build_py
[3.146s] copying service/server.py -> /home/mimi/ran/random/happy_ws/build/service/build/lib/service
[3.150s] running install
[3.150s] running install_lib
[3.152s] copying /home/mimi/ran/random/happy_ws/build/service/build/lib/service/server.py -> /home/mimi/ran/random/happy_ws/install/service/lib/python3.10/site-packages/service
[3.155s] byte-compiling /home/mimi/ran/random/happy_ws/install/service/lib/python3.10/site-packages/service/server.py to server.cpython-310.pyc
[3.155s] running install_data
[3.157s] running install_egg_info
[3.165s] removing '/home/mimi/ran/random/happy_ws/install/service/lib/python3.10/site-packages/service-0.0.0-py3.10.egg-info' (and everything under it)
[3.165s] Copying ../../build/service/service.egg-info to /home/mimi/ran/random/happy_ws/install/service/lib/python3.10/site-packages/service-0.0.0-py3.10.egg-info
[3.172s] running install_scripts
[3.274s] Installing client script to /home/mimi/ran/random/happy_ws/install/service/lib/service
[3.274s] Installing server script to /home/mimi/ran/random/happy_ws/install/service/lib/service
[3.274s] writing list of installed files to '/home/mimi/ran/random/happy_ws/build/service/install.log'
[3.322s] Invoked command in '/home/mimi/ran/random/happy_ws/src/service' returned '0': PYTHONPATH=/home/mimi/ran/random/happy_ws/build/service/prefix_override:/usr/lib/python3/dist-packages/colcon_core/task/python/colcon_distutils_commands:/home/mimi/ran/random/happy_ws/install/service/lib/python3.10/site-packages:${PYTHONPATH} /usr/bin/python3 -W ignore:setup.py install is deprecated -W ignore:easy_install command is deprecated setup.py egg_info --egg-base ../../build/service build --build-base /home/mimi/ran/random/happy_ws/build/service/build install --record /home/mimi/ran/random/happy_ws/build/service/install.log --single-version-externally-managed install_data
