[1.586s] Invoking command in '/home/mimi/ran/random/happy_ws/build/service_msgs': CMAKE_PREFIX_PATH=/opt/ros/humble /usr/bin/cmake /home/mimi/ran/random/happy_ws/src/service_msgs -DCMAKE_INSTALL_PREFIX=/home/mimi/ran/random/happy_ws/install/service_msgs
[3.072s] -- The C compiler identification is GNU 11.4.0
[3.488s] -- The CXX compiler identification is GNU 11.4.0
[3.539s] -- Detecting C compiler ABI info
[3.827s] -- Detecting C compiler ABI info - done
[3.853s] -- Check for working C compiler: /usr/bin/cc - skipped
[3.855s] -- Detecting C compile features
[3.859s] -- Detecting C compile features - done
[3.873s] -- Detecting CXX compiler ABI info
[4.166s] -- Detecting CXX compiler ABI info - done
[4.192s] -- Check for working CXX compiler: /usr/bin/c++ - skipped
[4.193s] -- Detecting CXX compile features
[4.196s] -- Detecting CXX compile features - done
[4.272s] -- Found ament_cmake: 1.3.11 (/opt/ros/humble/share/ament_cmake/cmake)
[4.768s] -- Found Python3: /usr/bin/python3 (found version "3.10.12") found components: Interpreter 
[5.097s] -- Found rosidl_default_generators: 1.2.0 (/opt/ros/humble/share/rosidl_default_generators/cmake)
[5.117s] -- Using all available rosidl_typesupport_c: rosidl_typesupport_fastrtps_c;rosidl_typesupport_introspection_c
[5.148s] -- Found rosidl_adapter: 3.1.6 (/opt/ros/humble/share/rosidl_adapter/cmake)
[5.334s] -- Using all available rosidl_typesupport_cpp: rosidl_typesupport_fastrtps_cpp;rosidl_typesupport_introspection_cpp
[5.644s] [31mCMake Error at /opt/ros/humble/share/rosidl_cmake/cmake/rosidl_generate_interfaces.cmake:93 (message):
[5.644s]   rosidl_generate_interfaces() the passed file 'srv/RandomService.srv'
[5.645s]   doesn't exist relative to the CMAKE_CURRENT_SOURCE_DIR
[5.645s]   '/home/mimi/ran/random/happy_ws/src/service_msgs'
[5.646s] Call Stack (most recent call first):
[5.647s]   CMakeLists.txt:14 (rosidl_generate_interfaces)
[5.647s] 
[5.647s] [0m
[5.648s] -- Configuring incomplete, errors occurred!
[5.648s] See also "/home/mimi/ran/random/happy_ws/build/service_msgs/CMakeFiles/CMakeOutput.log".
[5.664s] Invoked command in '/home/mimi/ran/random/happy_ws/build/service_msgs' returned '1': CMAKE_PREFIX_PATH=/opt/ros/humble /usr/bin/cmake /home/mimi/ran/random/happy_ws/src/service_msgs -DCMAKE_INSTALL_PREFIX=/home/mimi/ran/random/happy_ws/install/service_msgs
