[1.182s] Invoking command in '/home/mimi/ran/random/happy_ws/build/service_msgs': CMAKE_PREFIX_PATH=/opt/ros/humble /usr/bin/cmake --build /home/mimi/ran/random/happy_ws/build/service_msgs -- -j8 -l8
[1.445s] Invoked command in '/home/mimi/ran/random/happy_ws/build/service_msgs' returned '0': CMAKE_PREFIX_PATH=/opt/ros/humble /usr/bin/cmake --build /home/mimi/ran/random/happy_ws/build/service_msgs -- -j8 -l8
[1.475s] Invoking command in '/home/mimi/ran/random/happy_ws/build/service_msgs': CMAKE_PREFIX_PATH=/opt/ros/humble /usr/bin/cmake --install /home/mimi/ran/random/happy_ws/build/service_msgs
[1.501s] -- Install configuration: ""
[1.504s] -- Up-to-date: /home/mimi/ran/random/happy_ws/install/service_msgs/share/ament_index/resource_index/package_run_dependencies/service_msgs
[1.505s] -- Up-to-date: /home/mimi/ran/random/happy_ws/install/service_msgs/share/ament_index/resource_index/parent_prefix_path/service_msgs
[1.506s] -- Up-to-date: /home/mimi/ran/random/happy_ws/install/service_msgs/share/service_msgs/environment/ament_prefix_path.sh
[1.506s] -- Up-to-date: /home/mimi/ran/random/happy_ws/install/service_msgs/share/service_msgs/environment/ament_prefix_path.dsv
[1.506s] -- Up-to-date: /home/mimi/ran/random/happy_ws/install/service_msgs/share/service_msgs/environment/path.sh
[1.507s] -- Up-to-date: /home/mimi/ran/random/happy_ws/install/service_msgs/share/service_msgs/environment/path.dsv
[1.507s] -- Up-to-date: /home/mimi/ran/random/happy_ws/install/service_msgs/share/service_msgs/local_setup.bash
[1.508s] -- Up-to-date: /home/mimi/ran/random/happy_ws/install/service_msgs/share/service_msgs/local_setup.sh
[1.508s] -- Up-to-date: /home/mimi/ran/random/happy_ws/install/service_msgs/share/service_msgs/local_setup.zsh
[1.508s] -- Up-to-date: /home/mimi/ran/random/happy_ws/install/service_msgs/share/service_msgs/local_setup.dsv
[1.509s] -- Up-to-date: /home/mimi/ran/random/happy_ws/install/service_msgs/share/service_msgs/package.dsv
[1.509s] -- Up-to-date: /home/mimi/ran/random/happy_ws/install/service_msgs/share/ament_index/resource_index/packages/service_msgs
[1.510s] -- Up-to-date: /home/mimi/ran/random/happy_ws/install/service_msgs/share/service_msgs/cmake/service_msgsConfig.cmake
[1.510s] -- Up-to-date: /home/mimi/ran/random/happy_ws/install/service_msgs/share/service_msgs/cmake/service_msgsConfig-version.cmake
[1.511s] -- Up-to-date: /home/mimi/ran/random/happy_ws/install/service_msgs/share/service_msgs/package.xml
[1.515s] Invoked command in '/home/mimi/ran/random/happy_ws/build/service_msgs' returned '0': CMAKE_PREFIX_PATH=/opt/ros/humble /usr/bin/cmake --install /home/mimi/ran/random/happy_ws/build/service_msgs
