[3.213s] Invoking command in '/home/mimi/ran/random/happy_ws/src/random': PYTHONPATH=/home/mimi/ran/random/happy_ws/build/random/prefix_override:/usr/lib/python3/dist-packages/colcon_core/task/python/colcon_distutils_commands:/home/mimi/ran/random/happy_ws/install/random/lib/python3.10/site-packages:${PYTHONPATH} /usr/bin/python3 -W ignore:setup.py install is deprecated -W ignore:easy_install command is deprecated setup.py egg_info --egg-base ../../build/random build --build-base /home/mimi/ran/random/happy_ws/build/random/build install --record /home/mimi/ran/random/happy_ws/build/random/install.log --single-version-externally-managed install_data
[4.099s] running egg_info
[4.100s] writing ../../build/random/random.egg-info/PKG-INFO
[4.102s] writing dependency_links to ../../build/random/random.egg-info/dependency_links.txt
[4.103s] writing entry points to ../../build/random/random.egg-info/entry_points.txt
[4.104s] writing requirements to ../../build/random/random.egg-info/requires.txt
[4.105s] writing top-level names to ../../build/random/random.egg-info/top_level.txt
[4.113s] reading manifest file '../../build/random/random.egg-info/SOURCES.txt'
[4.119s] writing manifest file '../../build/random/random.egg-info/SOURCES.txt'
[4.120s] running build
[4.121s] running build_py
[4.122s] running install
[4.123s] running install_lib
[4.127s] running install_data
[4.128s] running install_egg_info
[4.134s] removing '/home/mimi/ran/random/happy_ws/install/random/lib/python3.10/site-packages/random-0.0.0-py3.10.egg-info' (and everything under it)
[4.136s] Copying ../../build/random/random.egg-info to /home/mimi/ran/random/happy_ws/install/random/lib/python3.10/site-packages/random-0.0.0-py3.10.egg-info
[4.142s] running install_scripts
[4.213s] writing list of installed files to '/home/mimi/ran/random/happy_ws/build/random/install.log'
[4.276s] Invoked command in '/home/mimi/ran/random/happy_ws/src/random' returned '0': PYTHONPATH=/home/mimi/ran/random/happy_ws/build/random/prefix_override:/usr/lib/python3/dist-packages/colcon_core/task/python/colcon_distutils_commands:/home/mimi/ran/random/happy_ws/install/random/lib/python3.10/site-packages:${PYTHONPATH} /usr/bin/python3 -W ignore:setup.py install is deprecated -W ignore:easy_install command is deprecated setup.py egg_info --egg-base ../../build/random build --build-base /home/mimi/ran/random/happy_ws/build/random/build install --record /home/mimi/ran/random/happy_ws/build/random/install.log --single-version-externally-managed install_data
