[2.673s] Invoking command in '/home/mimi/ran/random/happy_ws/src/service': PYTHONPATH=/home/mimi/ran/random/happy_ws/build/service/prefix_override:/usr/lib/python3/dist-packages/colcon_core/task/python/colcon_distutils_commands:/home/mimi/ran/random/happy_ws/install/service/lib/python3.10/site-packages:${PYTHONPATH} /usr/bin/python3 -W ignore:setup.py install is deprecated -W ignore:easy_install command is deprecated setup.py egg_info --egg-base ../../build/service build --build-base /home/mimi/ran/random/happy_ws/build/service/build install --record /home/mimi/ran/random/happy_ws/build/service/install.log --single-version-externally-managed install_data
[3.369s] running egg_info
[3.371s] writing ../../build/service/service.egg-info/PKG-INFO
[3.372s] writing dependency_links to ../../build/service/service.egg-info/dependency_links.txt
[3.373s] writing entry points to ../../build/service/service.egg-info/entry_points.txt
[3.373s] writing requirements to ../../build/service/service.egg-info/requires.txt
[3.373s] writing top-level names to ../../build/service/service.egg-info/top_level.txt
[3.377s] reading manifest file '../../build/service/service.egg-info/SOURCES.txt'
[3.380s] writing manifest file '../../build/service/service.egg-info/SOURCES.txt'
[3.381s] running build
[3.381s] running build_py
[3.382s] running install
[3.383s] running install_lib
[3.386s] running install_data
[3.387s] running install_egg_info
[3.392s] removing '/home/mimi/ran/random/happy_ws/install/service/lib/python3.10/site-packages/service-0.0.0-py3.10.egg-info' (and everything under it)
[3.394s] Copying ../../build/service/service.egg-info to /home/mimi/ran/random/happy_ws/install/service/lib/python3.10/site-packages/service-0.0.0-py3.10.egg-info
[3.396s] running install_scripts
[3.453s] writing list of installed files to '/home/mimi/ran/random/happy_ws/build/service/install.log'
[3.502s] Invoked command in '/home/mimi/ran/random/happy_ws/src/service' returned '0': PYTHONPATH=/home/mimi/ran/random/happy_ws/build/service/prefix_override:/usr/lib/python3/dist-packages/colcon_core/task/python/colcon_distutils_commands:/home/mimi/ran/random/happy_ws/install/service/lib/python3.10/site-packages:${PYTHONPATH} /usr/bin/python3 -W ignore:setup.py install is deprecated -W ignore:easy_install command is deprecated setup.py egg_info --egg-base ../../build/service build --build-base /home/mimi/ran/random/happy_ws/build/service/build install --record /home/mimi/ran/random/happy_ws/build/service/install.log --single-version-externally-managed install_data
