[1.094s] DEBUG:colcon:Command line arguments: ['/usr/bin/colcon', 'build']
[1.094s] DEBUG:colcon:Parsed command line arguments: Namespace(log_base=None, log_level=None, verb_name='build', build_base='build', install_base='install', merge_install=False, symlink_install=False, test_result_base=None, continue_on_error=False, executor='parallel', parallel_workers=8, event_handlers=None, ignore_user_meta=False, metas=['./colcon.meta'], base_paths=['.'], packages_ignore=None, packages_ignore_regex=None, paths=None, packages_up_to=None, packages_up_to_regex=None, packages_above=None, packages_above_and_dependencies=None, packages_above_depth=None, packages_select_by_dep=None, packages_skip_by_dep=None, packages_skip_up_to=None, packages_select_build_failed=False, packages_skip_build_finished=False, packages_select_test_failures=False, packages_skip_test_passed=False, packages_select=None, packages_skip=None, packages_select_regex=None, packages_skip_regex=None, packages_start=None, packages_end=None, allow_overriding=[], cmake_args=None, cmake_target=None, cmake_target_skip_unavailable=False, cmake_clean_cache=False, cmake_clean_first=False, cmake_force_configure=False, ament_cmake_args=None, catkin_cmake_args=None, catkin_skip_building_tests=False, verb_parser=<colcon_defaults.argument_parser.defaults.DefaultArgumentsDecorator object at 0x70436132fe20>, verb_extension=<colcon_core.verb.build.BuildVerb object at 0x70436132f910>, main=<bound method BuildVerb.main of <colcon_core.verb.build.BuildVerb object at 0x70436132f910>>)
[2.374s] Level 1:colcon.colcon_core.package_discovery:discover_packages(colcon_meta) check parameters
[2.375s] Level 1:colcon.colcon_core.package_discovery:discover_packages(recursive) check parameters
[2.375s] Level 1:colcon.colcon_core.package_discovery:discover_packages(ignore) check parameters
[2.375s] Level 1:colcon.colcon_core.package_discovery:discover_packages(path) check parameters
[2.375s] Level 1:colcon.colcon_core.package_discovery:discover_packages(colcon_meta) discover
[2.375s] Level 1:colcon.colcon_core.package_discovery:discover_packages(recursive) discover
[2.375s] INFO:colcon.colcon_core.package_discovery:Crawling recursively for packages in '/home/mimi/ran/random/happy_ws'
[2.376s] Level 1:colcon.colcon_core.package_identification:_identify(.) by extensions ['ignore', 'ignore_ament_install']
[2.377s] Level 1:colcon.colcon_core.package_identification:_identify(.) by extension 'ignore'
[2.378s] Level 1:colcon.colcon_core.package_identification:_identify(.) by extension 'ignore_ament_install'
[2.378s] Level 1:colcon.colcon_core.package_identification:_identify(.) by extensions ['colcon_pkg']
[2.378s] Level 1:colcon.colcon_core.package_identification:_identify(.) by extension 'colcon_pkg'
[2.378s] Level 1:colcon.colcon_core.package_identification:_identify(.) by extensions ['colcon_meta']
[2.378s] Level 1:colcon.colcon_core.package_identification:_identify(.) by extension 'colcon_meta'
[2.378s] Level 1:colcon.colcon_core.package_identification:_identify(.) by extensions ['ros']
[2.378s] Level 1:colcon.colcon_core.package_identification:_identify(.) by extension 'ros'
[2.460s] Level 1:colcon.colcon_core.package_identification:_identify(.) by extensions ['cmake', 'python']
[2.460s] Level 1:colcon.colcon_core.package_identification:_identify(.) by extension 'cmake'
[2.460s] Level 1:colcon.colcon_core.package_identification:_identify(.) by extension 'python'
[2.460s] Level 1:colcon.colcon_core.package_identification:_identify(.) by extensions ['python_setup_py']
[2.460s] Level 1:colcon.colcon_core.package_identification:_identify(.) by extension 'python_setup_py'
[2.460s] Level 1:colcon.colcon_core.package_identification:_identify(build) by extensions ['ignore', 'ignore_ament_install']
[2.461s] Level 1:colcon.colcon_core.package_identification:_identify(build) by extension 'ignore'
[2.461s] Level 1:colcon.colcon_core.package_identification:_identify(build) ignored
[2.461s] Level 1:colcon.colcon_core.package_identification:_identify(install) by extensions ['ignore', 'ignore_ament_install']
[2.461s] Level 1:colcon.colcon_core.package_identification:_identify(install) by extension 'ignore'
[2.461s] Level 1:colcon.colcon_core.package_identification:_identify(install) ignored
[2.462s] Level 1:colcon.colcon_core.package_identification:_identify(log) by extensions ['ignore', 'ignore_ament_install']
[2.462s] Level 1:colcon.colcon_core.package_identification:_identify(log) by extension 'ignore'
[2.462s] Level 1:colcon.colcon_core.package_identification:_identify(log) ignored
[2.463s] Level 1:colcon.colcon_core.package_identification:_identify(src) by extensions ['ignore', 'ignore_ament_install']
[2.463s] Level 1:colcon.colcon_core.package_identification:_identify(src) by extension 'ignore'
[2.463s] Level 1:colcon.colcon_core.package_identification:_identify(src) by extension 'ignore_ament_install'
[2.463s] Level 1:colcon.colcon_core.package_identification:_identify(src) by extensions ['colcon_pkg']
[2.463s] Level 1:colcon.colcon_core.package_identification:_identify(src) by extension 'colcon_pkg'
[2.463s] Level 1:colcon.colcon_core.package_identification:_identify(src) by extensions ['colcon_meta']
[2.463s] Level 1:colcon.colcon_core.package_identification:_identify(src) by extension 'colcon_meta'
[2.463s] Level 1:colcon.colcon_core.package_identification:_identify(src) by extensions ['ros']
[2.463s] Level 1:colcon.colcon_core.package_identification:_identify(src) by extension 'ros'
[2.464s] Level 1:colcon.colcon_core.package_identification:_identify(src) by extensions ['cmake', 'python']
[2.464s] Level 1:colcon.colcon_core.package_identification:_identify(src) by extension 'cmake'
[2.464s] Level 1:colcon.colcon_core.package_identification:_identify(src) by extension 'python'
[2.464s] Level 1:colcon.colcon_core.package_identification:_identify(src) by extensions ['python_setup_py']
[2.464s] Level 1:colcon.colcon_core.package_identification:_identify(src) by extension 'python_setup_py'
[2.465s] Level 1:colcon.colcon_core.package_identification:_identify(src/random) by extensions ['ignore', 'ignore_ament_install']
[2.465s] Level 1:colcon.colcon_core.package_identification:_identify(src/random) by extension 'ignore'
[2.465s] Level 1:colcon.colcon_core.package_identification:_identify(src/random) by extension 'ignore_ament_install'
[2.465s] Level 1:colcon.colcon_core.package_identification:_identify(src/random) by extensions ['colcon_pkg']
[2.466s] Level 1:colcon.colcon_core.package_identification:_identify(src/random) by extension 'colcon_pkg'
[2.466s] Level 1:colcon.colcon_core.package_identification:_identify(src/random) by extensions ['colcon_meta']
[2.466s] Level 1:colcon.colcon_core.package_identification:_identify(src/random) by extension 'colcon_meta'
[2.466s] Level 1:colcon.colcon_core.package_identification:_identify(src/random) by extensions ['ros']
[2.466s] Level 1:colcon.colcon_core.package_identification:_identify(src/random) by extension 'ros'
[2.483s] DEBUG:colcon.colcon_core.package_identification:Package 'src/random' with type 'ros.ament_python' and name 'random'
[2.485s] Level 1:colcon.colcon_core.package_identification:_identify(src/service) by extensions ['ignore', 'ignore_ament_install']
[2.486s] Level 1:colcon.colcon_core.package_identification:_identify(src/service) by extension 'ignore'
[2.486s] Level 1:colcon.colcon_core.package_identification:_identify(src/service) by extension 'ignore_ament_install'
[2.486s] Level 1:colcon.colcon_core.package_identification:_identify(src/service) by extensions ['colcon_pkg']
[2.486s] Level 1:colcon.colcon_core.package_identification:_identify(src/service) by extension 'colcon_pkg'
[2.486s] Level 1:colcon.colcon_core.package_identification:_identify(src/service) by extensions ['colcon_meta']
[2.487s] Level 1:colcon.colcon_core.package_identification:_identify(src/service) by extension 'colcon_meta'
[2.487s] Level 1:colcon.colcon_core.package_identification:_identify(src/service) by extensions ['ros']
[2.487s] Level 1:colcon.colcon_core.package_identification:_identify(src/service) by extension 'ros'
[2.490s] DEBUG:colcon.colcon_core.package_identification:Package 'src/service' with type 'ros.ament_python' and name 'service'
[2.491s] Level 1:colcon.colcon_core.package_identification:_identify(src/service_msgs) by extensions ['ignore', 'ignore_ament_install']
[2.492s] Level 1:colcon.colcon_core.package_identification:_identify(src/service_msgs) by extension 'ignore'
[2.492s] Level 1:colcon.colcon_core.package_identification:_identify(src/service_msgs) by extension 'ignore_ament_install'
[2.492s] Level 1:colcon.colcon_core.package_identification:_identify(src/service_msgs) by extensions ['colcon_pkg']
[2.492s] Level 1:colcon.colcon_core.package_identification:_identify(src/service_msgs) by extension 'colcon_pkg'
[2.492s] Level 1:colcon.colcon_core.package_identification:_identify(src/service_msgs) by extensions ['colcon_meta']
[2.492s] Level 1:colcon.colcon_core.package_identification:_identify(src/service_msgs) by extension 'colcon_meta'
[2.492s] Level 1:colcon.colcon_core.package_identification:_identify(src/service_msgs) by extensions ['ros']
[2.493s] Level 1:colcon.colcon_core.package_identification:_identify(src/service_msgs) by extension 'ros'
[2.495s] DEBUG:colcon.colcon_core.package_identification:Package 'src/service_msgs' with type 'ros.ament_cmake' and name 'service_msgs'
[2.495s] Level 1:colcon.colcon_core.package_discovery:discover_packages(recursive) using defaults
[2.495s] Level 1:colcon.colcon_core.package_discovery:discover_packages(ignore) discover
[2.495s] Level 1:colcon.colcon_core.package_discovery:discover_packages(ignore) using defaults
[2.495s] Level 1:colcon.colcon_core.package_discovery:discover_packages(path) discover
[2.495s] Level 1:colcon.colcon_core.package_discovery:discover_packages(path) using defaults
[2.630s] Level 1:colcon.colcon_core.package_discovery:discover_packages(prefix_path) check parameters
[2.630s] Level 1:colcon.colcon_core.package_discovery:discover_packages(prefix_path) discover
[2.650s] DEBUG:colcon.colcon_installed_package_information.package_discovery:Found 0 installed packages in /home/mimi/edu_ws/install
[2.656s] DEBUG:colcon.colcon_installed_package_information.package_discovery:Found 271 installed packages in /opt/ros/humble
[2.680s] Level 1:colcon.colcon_core.package_discovery:discover_packages(prefix_path) using defaults
[3.009s] Level 5:colcon.colcon_core.verb:set package 'random' build argument 'cmake_args' from command line to 'None'
[3.009s] Level 5:colcon.colcon_core.verb:set package 'random' build argument 'cmake_target' from command line to 'None'
[3.009s] Level 5:colcon.colcon_core.verb:set package 'random' build argument 'cmake_target_skip_unavailable' from command line to 'False'
[3.009s] Level 5:colcon.colcon_core.verb:set package 'random' build argument 'cmake_clean_cache' from command line to 'False'
[3.009s] Level 5:colcon.colcon_core.verb:set package 'random' build argument 'cmake_clean_first' from command line to 'False'
[3.010s] Level 5:colcon.colcon_core.verb:set package 'random' build argument 'cmake_force_configure' from command line to 'False'
[3.010s] Level 5:colcon.colcon_core.verb:set package 'random' build argument 'ament_cmake_args' from command line to 'None'
[3.010s] Level 5:colcon.colcon_core.verb:set package 'random' build argument 'catkin_cmake_args' from command line to 'None'
[3.010s] Level 5:colcon.colcon_core.verb:set package 'random' build argument 'catkin_skip_building_tests' from command line to 'False'
[3.010s] DEBUG:colcon.colcon_core.verb:Building package 'random' with the following arguments: {'ament_cmake_args': None, 'build_base': '/home/mimi/ran/random/happy_ws/build/random', 'catkin_cmake_args': None, 'catkin_skip_building_tests': False, 'cmake_args': None, 'cmake_clean_cache': False, 'cmake_clean_first': False, 'cmake_force_configure': False, 'cmake_target': None, 'cmake_target_skip_unavailable': False, 'install_base': '/home/mimi/ran/random/happy_ws/install/random', 'merge_install': False, 'path': '/home/mimi/ran/random/happy_ws/src/random', 'symlink_install': False, 'test_result_base': None}
[3.011s] Level 5:colcon.colcon_core.verb:set package 'service' build argument 'cmake_args' from command line to 'None'
[3.011s] Level 5:colcon.colcon_core.verb:set package 'service' build argument 'cmake_target' from command line to 'None'
[3.011s] Level 5:colcon.colcon_core.verb:set package 'service' build argument 'cmake_target_skip_unavailable' from command line to 'False'
[3.011s] Level 5:colcon.colcon_core.verb:set package 'service' build argument 'cmake_clean_cache' from command line to 'False'
[3.011s] Level 5:colcon.colcon_core.verb:set package 'service' build argument 'cmake_clean_first' from command line to 'False'
[3.011s] Level 5:colcon.colcon_core.verb:set package 'service' build argument 'cmake_force_configure' from command line to 'False'
[3.012s] Level 5:colcon.colcon_core.verb:set package 'service' build argument 'ament_cmake_args' from command line to 'None'
[3.012s] Level 5:colcon.colcon_core.verb:set package 'service' build argument 'catkin_cmake_args' from command line to 'None'
[3.012s] Level 5:colcon.colcon_core.verb:set package 'service' build argument 'catkin_skip_building_tests' from command line to 'False'
[3.012s] DEBUG:colcon.colcon_core.verb:Building package 'service' with the following arguments: {'ament_cmake_args': None, 'build_base': '/home/mimi/ran/random/happy_ws/build/service', 'catkin_cmake_args': None, 'catkin_skip_building_tests': False, 'cmake_args': None, 'cmake_clean_cache': False, 'cmake_clean_first': False, 'cmake_force_configure': False, 'cmake_target': None, 'cmake_target_skip_unavailable': False, 'install_base': '/home/mimi/ran/random/happy_ws/install/service', 'merge_install': False, 'path': '/home/mimi/ran/random/happy_ws/src/service', 'symlink_install': False, 'test_result_base': None}
[3.013s] Level 5:colcon.colcon_core.verb:set package 'service_msgs' build argument 'cmake_args' from command line to 'None'
[3.013s] Level 5:colcon.colcon_core.verb:set package 'service_msgs' build argument 'cmake_target' from command line to 'None'
[3.013s] Level 5:colcon.colcon_core.verb:set package 'service_msgs' build argument 'cmake_target_skip_unavailable' from command line to 'False'
[3.013s] Level 5:colcon.colcon_core.verb:set package 'service_msgs' build argument 'cmake_clean_cache' from command line to 'False'
[3.013s] Level 5:colcon.colcon_core.verb:set package 'service_msgs' build argument 'cmake_clean_first' from command line to 'False'
[3.013s] Level 5:colcon.colcon_core.verb:set package 'service_msgs' build argument 'cmake_force_configure' from command line to 'False'
[3.013s] Level 5:colcon.colcon_core.verb:set package 'service_msgs' build argument 'ament_cmake_args' from command line to 'None'
[3.013s] Level 5:colcon.colcon_core.verb:set package 'service_msgs' build argument 'catkin_cmake_args' from command line to 'None'
[3.014s] Level 5:colcon.colcon_core.verb:set package 'service_msgs' build argument 'catkin_skip_building_tests' from command line to 'False'
[3.014s] DEBUG:colcon.colcon_core.verb:Building package 'service_msgs' with the following arguments: {'ament_cmake_args': None, 'build_base': '/home/mimi/ran/random/happy_ws/build/service_msgs', 'catkin_cmake_args': None, 'catkin_skip_building_tests': False, 'cmake_args': None, 'cmake_clean_cache': False, 'cmake_clean_first': False, 'cmake_force_configure': False, 'cmake_target': None, 'cmake_target_skip_unavailable': False, 'install_base': '/home/mimi/ran/random/happy_ws/install/service_msgs', 'merge_install': False, 'path': '/home/mimi/ran/random/happy_ws/src/service_msgs', 'symlink_install': False, 'test_result_base': None}
[3.014s] INFO:colcon.colcon_core.executor:Executing jobs using 'parallel' executor
[3.017s] DEBUG:colcon.colcon_parallel_executor.executor.parallel:run_until_complete
[3.019s] INFO:colcon.colcon_ros.task.ament_python.build:Building ROS package in '/home/mimi/ran/random/happy_ws/src/random' with build type 'ament_python'
[3.020s] Level 1:colcon.colcon_core.shell:create_environment_hook('random', 'ament_prefix_path')
[3.047s] INFO:colcon.colcon_core.plugin_system:Skipping extension 'colcon_core.shell.bat': Not used on non-Windows systems
[3.048s] INFO:colcon.colcon_core.shell:Creating environment hook '/home/mimi/ran/random/happy_ws/install/random/share/random/hook/ament_prefix_path.ps1'
[3.052s] INFO:colcon.colcon_core.shell:Creating environment descriptor '/home/mimi/ran/random/happy_ws/install/random/share/random/hook/ament_prefix_path.dsv'
[3.054s] INFO:colcon.colcon_core.shell:Creating environment hook '/home/mimi/ran/random/happy_ws/install/random/share/random/hook/ament_prefix_path.sh'
[3.059s] INFO:colcon.colcon_core.shell:Skip shell extension 'powershell' for command environment: Not usable outside of PowerShell
[3.059s] DEBUG:colcon.colcon_core.shell:Skip shell extension 'dsv' for command environment
[3.077s] INFO:colcon.colcon_ros.task.ament_python.build:Building ROS package in '/home/mimi/ran/random/happy_ws/src/service' with build type 'ament_python'
[3.077s] Level 1:colcon.colcon_core.shell:create_environment_hook('service', 'ament_prefix_path')
[3.078s] INFO:colcon.colcon_core.shell:Creating environment hook '/home/mimi/ran/random/happy_ws/install/service/share/service/hook/ament_prefix_path.ps1'
[3.080s] INFO:colcon.colcon_core.shell:Creating environment descriptor '/home/mimi/ran/random/happy_ws/install/service/share/service/hook/ament_prefix_path.dsv'
[3.081s] INFO:colcon.colcon_core.shell:Creating environment hook '/home/mimi/ran/random/happy_ws/install/service/share/service/hook/ament_prefix_path.sh'
[3.083s] INFO:colcon.colcon_core.shell:Skip shell extension 'powershell' for command environment: Not usable outside of PowerShell
[3.083s] DEBUG:colcon.colcon_core.shell:Skip shell extension 'dsv' for command environment
[3.099s] INFO:colcon.colcon_ros.task.ament_cmake.build:Building ROS package in '/home/mimi/ran/random/happy_ws/src/service_msgs' with build type 'ament_cmake'
[3.100s] INFO:colcon.colcon_cmake.task.cmake.build:Building CMake package in '/home/mimi/ran/random/happy_ws/src/service_msgs'
[3.100s] INFO:colcon.colcon_core.shell:Skip shell extension 'powershell' for command environment: Not usable outside of PowerShell
[3.100s] DEBUG:colcon.colcon_core.shell:Skip shell extension 'dsv' for command environment
[3.866s] INFO:colcon.colcon_core.task.python.build:Building Python package in '/home/mimi/ran/random/happy_ws/src/random'
[3.867s] INFO:colcon.colcon_core.shell:Skip shell extension 'powershell' for command environment: Not usable outside of PowerShell
[3.867s] DEBUG:colcon.colcon_core.shell:Skip shell extension 'dsv' for command environment
[4.664s] INFO:colcon.colcon_core.task.python.build:Building Python package in '/home/mimi/ran/random/happy_ws/src/service'
[4.665s] INFO:colcon.colcon_core.shell:Skip shell extension 'powershell' for command environment: Not usable outside of PowerShell
[4.665s] DEBUG:colcon.colcon_core.shell:Skip shell extension 'dsv' for command environment
[4.695s] DEBUG:colcon.colcon_core.event_handler.log_command:Invoking command in '/home/mimi/ran/random/happy_ws/build/service_msgs': CMAKE_PREFIX_PATH=/opt/ros/humble /usr/bin/cmake /home/mimi/ran/random/happy_ws/src/service_msgs -DCMAKE_INSTALL_PREFIX=/home/mimi/ran/random/happy_ws/install/service_msgs
[5.991s] DEBUG:colcon.colcon_core.event_handler.log_command:Invoking command in '/home/mimi/ran/random/happy_ws/src/random': PYTHONPATH=/home/mimi/ran/random/happy_ws/build/random/prefix_override:/usr/lib/python3/dist-packages/colcon_core/task/python/colcon_distutils_commands:/home/mimi/ran/random/happy_ws/install/random/lib/python3.10/site-packages:${PYTHONPATH} /usr/bin/python3 -W ignore:setup.py install is deprecated -W ignore:easy_install command is deprecated setup.py egg_info --egg-base ../../build/random build --build-base /home/mimi/ran/random/happy_ws/build/random/build install --record /home/mimi/ran/random/happy_ws/build/random/install.log --single-version-externally-managed install_data
[6.017s] DEBUG:colcon.colcon_core.event_handler.log_command:Invoking command in '/home/mimi/ran/random/happy_ws/src/service': PYTHONPATH=/home/mimi/ran/random/happy_ws/build/service/prefix_override:/usr/lib/python3/dist-packages/colcon_core/task/python/colcon_distutils_commands:/home/mimi/ran/random/happy_ws/install/service/lib/python3.10/site-packages:${PYTHONPATH} /usr/bin/python3 -W ignore:setup.py install is deprecated -W ignore:easy_install command is deprecated setup.py egg_info --egg-base ../../build/service build --build-base /home/mimi/ran/random/happy_ws/build/service/build install --record /home/mimi/ran/random/happy_ws/build/service/install.log --single-version-externally-managed install_data
[6.919s] DEBUG:colcon.colcon_core.event_handler.log_command:Invoked command in '/home/mimi/ran/random/happy_ws/src/random' returned '0': PYTHONPATH=/home/mimi/ran/random/happy_ws/build/random/prefix_override:/usr/lib/python3/dist-packages/colcon_core/task/python/colcon_distutils_commands:/home/mimi/ran/random/happy_ws/install/random/lib/python3.10/site-packages:${PYTHONPATH} /usr/bin/python3 -W ignore:setup.py install is deprecated -W ignore:easy_install command is deprecated setup.py egg_info --egg-base ../../build/random build --build-base /home/mimi/ran/random/happy_ws/build/random/build install --record /home/mimi/ran/random/happy_ws/build/random/install.log --single-version-externally-managed install_data
[6.944s] Level 1:colcon.colcon_core.environment:checking '/home/mimi/ran/random/happy_ws/install/random' for CMake module files
[6.946s] Level 1:colcon.colcon_core.environment:checking '/home/mimi/ran/random/happy_ws/install/random' for CMake config files
[6.947s] Level 1:colcon.colcon_core.environment:checking '/home/mimi/ran/random/happy_ws/install/random/lib'
[6.948s] Level 1:colcon.colcon_core.environment:checking '/home/mimi/ran/random/happy_ws/install/random/bin'
[6.948s] Level 1:colcon.colcon_core.environment:checking '/home/mimi/ran/random/happy_ws/install/random/lib/pkgconfig/random.pc'
[6.949s] Level 1:colcon.colcon_core.environment:checking '/home/mimi/ran/random/happy_ws/install/random/lib/python3.10/site-packages'
[6.949s] Level 1:colcon.colcon_core.shell:create_environment_hook('random', 'pythonpath')
[6.950s] INFO:colcon.colcon_core.shell:Creating environment hook '/home/mimi/ran/random/happy_ws/install/random/share/random/hook/pythonpath.ps1'
[6.951s] INFO:colcon.colcon_core.shell:Creating environment descriptor '/home/mimi/ran/random/happy_ws/install/random/share/random/hook/pythonpath.dsv'
[6.953s] INFO:colcon.colcon_core.shell:Creating environment hook '/home/mimi/ran/random/happy_ws/install/random/share/random/hook/pythonpath.sh'
[6.954s] Level 1:colcon.colcon_core.environment:checking '/home/mimi/ran/random/happy_ws/install/random/bin'
[6.955s] Level 1:colcon.colcon_core.environment:create_environment_scripts_only(random)
[6.956s] INFO:colcon.colcon_core.shell:Creating package script '/home/mimi/ran/random/happy_ws/install/random/share/random/package.ps1'
[6.960s] INFO:colcon.colcon_core.shell:Creating package descriptor '/home/mimi/ran/random/happy_ws/install/random/share/random/package.dsv'
[6.962s] INFO:colcon.colcon_core.shell:Creating package script '/home/mimi/ran/random/happy_ws/install/random/share/random/package.sh'
[6.965s] INFO:colcon.colcon_core.shell:Creating package script '/home/mimi/ran/random/happy_ws/install/random/share/random/package.bash'
[6.967s] INFO:colcon.colcon_core.shell:Creating package script '/home/mimi/ran/random/happy_ws/install/random/share/random/package.zsh'
[6.972s] Level 1:colcon.colcon_core.environment:create_file_with_runtime_dependencies(/home/mimi/ran/random/happy_ws/install/random/share/colcon-core/packages/random)
[7.014s] Level 1:colcon.colcon_core.environment:checking '/home/mimi/ran/random/happy_ws/install/service' for CMake module files
[7.016s] DEBUG:colcon.colcon_core.event_handler.log_command:Invoked command in '/home/mimi/ran/random/happy_ws/src/service' returned '0': PYTHONPATH=/home/mimi/ran/random/happy_ws/build/service/prefix_override:/usr/lib/python3/dist-packages/colcon_core/task/python/colcon_distutils_commands:/home/mimi/ran/random/happy_ws/install/service/lib/python3.10/site-packages:${PYTHONPATH} /usr/bin/python3 -W ignore:setup.py install is deprecated -W ignore:easy_install command is deprecated setup.py egg_info --egg-base ../../build/service build --build-base /home/mimi/ran/random/happy_ws/build/service/build install --record /home/mimi/ran/random/happy_ws/build/service/install.log --single-version-externally-managed install_data
[7.017s] Level 1:colcon.colcon_core.environment:checking '/home/mimi/ran/random/happy_ws/install/service' for CMake config files
[7.018s] Level 1:colcon.colcon_core.environment:checking '/home/mimi/ran/random/happy_ws/install/service/lib'
[7.019s] Level 1:colcon.colcon_core.environment:checking '/home/mimi/ran/random/happy_ws/install/service/bin'
[7.019s] Level 1:colcon.colcon_core.environment:checking '/home/mimi/ran/random/happy_ws/install/service/lib/pkgconfig/service.pc'
[7.019s] Level 1:colcon.colcon_core.environment:checking '/home/mimi/ran/random/happy_ws/install/service/lib/python3.10/site-packages'
[7.020s] Level 1:colcon.colcon_core.shell:create_environment_hook('service', 'pythonpath')
[7.020s] INFO:colcon.colcon_core.shell:Creating environment hook '/home/mimi/ran/random/happy_ws/install/service/share/service/hook/pythonpath.ps1'
[7.022s] INFO:colcon.colcon_core.shell:Creating environment descriptor '/home/mimi/ran/random/happy_ws/install/service/share/service/hook/pythonpath.dsv'
[7.024s] INFO:colcon.colcon_core.shell:Creating environment hook '/home/mimi/ran/random/happy_ws/install/service/share/service/hook/pythonpath.sh'
[7.025s] Level 1:colcon.colcon_core.environment:checking '/home/mimi/ran/random/happy_ws/install/service/bin'
[7.026s] Level 1:colcon.colcon_core.environment:create_environment_scripts_only(service)
[7.026s] INFO:colcon.colcon_core.shell:Creating package script '/home/mimi/ran/random/happy_ws/install/service/share/service/package.ps1'
[7.028s] INFO:colcon.colcon_core.shell:Creating package descriptor '/home/mimi/ran/random/happy_ws/install/service/share/service/package.dsv'
[7.030s] INFO:colcon.colcon_core.shell:Creating package script '/home/mimi/ran/random/happy_ws/install/service/share/service/package.sh'
[7.031s] INFO:colcon.colcon_core.shell:Creating package script '/home/mimi/ran/random/happy_ws/install/service/share/service/package.bash'
[7.032s] INFO:colcon.colcon_core.shell:Creating package script '/home/mimi/ran/random/happy_ws/install/service/share/service/package.zsh'
[7.033s] Level 1:colcon.colcon_core.environment:create_file_with_runtime_dependencies(/home/mimi/ran/random/happy_ws/install/service/share/colcon-core/packages/service)
[8.774s] DEBUG:colcon.colcon_core.event_handler.log_command:Invoked command in '/home/mimi/ran/random/happy_ws/build/service_msgs' returned '1': CMAKE_PREFIX_PATH=/opt/ros/humble /usr/bin/cmake /home/mimi/ran/random/happy_ws/src/service_msgs -DCMAKE_INSTALL_PREFIX=/home/mimi/ran/random/happy_ws/install/service_msgs
[8.827s] Level 1:colcon.colcon_core.environment:create_environment_scripts_only(service_msgs)
[8.828s] Level 1:colcon.colcon_core.environment:checking '/home/mimi/ran/random/happy_ws/install/service_msgs' for CMake module files
[8.829s] Level 1:colcon.colcon_core.environment:checking '/home/mimi/ran/random/happy_ws/install/service_msgs' for CMake config files
[8.830s] Level 1:colcon.colcon_core.environment:checking '/home/mimi/ran/random/happy_ws/install/service_msgs/bin'
[8.831s] Level 1:colcon.colcon_core.environment:checking '/home/mimi/ran/random/happy_ws/install/service_msgs/lib/pkgconfig/service_msgs.pc'
[8.831s] Level 1:colcon.colcon_core.environment:checking '/home/mimi/ran/random/happy_ws/install/service_msgs/lib/python3.10/site-packages'
[8.832s] Level 1:colcon.colcon_core.environment:checking '/home/mimi/ran/random/happy_ws/install/service_msgs/bin'
[8.833s] INFO:colcon.colcon_core.shell:Creating package script '/home/mimi/ran/random/happy_ws/install/service_msgs/share/service_msgs/package.ps1'
[8.835s] INFO:colcon.colcon_core.shell:Creating package descriptor '/home/mimi/ran/random/happy_ws/install/service_msgs/share/service_msgs/package.dsv'
[8.836s] INFO:colcon.colcon_core.shell:Creating package script '/home/mimi/ran/random/happy_ws/install/service_msgs/share/service_msgs/package.sh'
[8.837s] INFO:colcon.colcon_core.shell:Creating package script '/home/mimi/ran/random/happy_ws/install/service_msgs/share/service_msgs/package.bash'
[8.839s] INFO:colcon.colcon_core.shell:Creating package script '/home/mimi/ran/random/happy_ws/install/service_msgs/share/service_msgs/package.zsh'
[8.840s] Level 1:colcon.colcon_core.environment:create_file_with_runtime_dependencies(/home/mimi/ran/random/happy_ws/install/service_msgs/share/colcon-core/packages/service_msgs)
[8.842s] DEBUG:colcon.colcon_parallel_executor.executor.parallel:closing loop
[8.843s] DEBUG:colcon.colcon_parallel_executor.executor.parallel:loop closed
[8.844s] DEBUG:colcon.colcon_parallel_executor.executor.parallel:run_until_complete finished with '1'
[8.844s] DEBUG:colcon.colcon_core.event_reactor:joining thread
[8.888s] INFO:colcon.colcon_core.plugin_system:Skipping extension 'colcon_notification.desktop_notification.terminal_notifier': Not used on non-Darwin systems
[8.888s] INFO:colcon.colcon_core.plugin_system:Skipping extension 'colcon_notification.desktop_notification.win32': Not used on non-Windows systems
[8.888s] INFO:colcon.colcon_notification.desktop_notification:Sending desktop notification using 'notify2'
[9.264s] DEBUG:colcon.colcon_core.event_reactor:joined thread
[9.265s] INFO:colcon.colcon_core.shell:Creating prefix script '/home/mimi/ran/random/happy_ws/install/local_setup.ps1'
[9.271s] INFO:colcon.colcon_core.shell:Creating prefix util module '/home/mimi/ran/random/happy_ws/install/_local_setup_util_ps1.py'
[9.275s] INFO:colcon.colcon_core.shell:Creating prefix chain script '/home/mimi/ran/random/happy_ws/install/setup.ps1'
[9.279s] INFO:colcon.colcon_core.shell:Creating prefix script '/home/mimi/ran/random/happy_ws/install/local_setup.sh'
[9.282s] INFO:colcon.colcon_core.shell:Creating prefix util module '/home/mimi/ran/random/happy_ws/install/_local_setup_util_sh.py'
[9.283s] INFO:colcon.colcon_core.shell:Creating prefix chain script '/home/mimi/ran/random/happy_ws/install/setup.sh'
[9.287s] INFO:colcon.colcon_core.shell:Creating prefix script '/home/mimi/ran/random/happy_ws/install/local_setup.bash'
[9.289s] INFO:colcon.colcon_core.shell:Creating prefix chain script '/home/mimi/ran/random/happy_ws/install/setup.bash'
[9.291s] INFO:colcon.colcon_core.shell:Creating prefix script '/home/mimi/ran/random/happy_ws/install/local_setup.zsh'
[9.293s] INFO:colcon.colcon_core.shell:Creating prefix chain script '/home/mimi/ran/random/happy_ws/install/setup.zsh'
