-- Found ament_cmake: 1.3.11 (/opt/ros/humble/share/ament_cmake/cmake)
-- Found rosidl_default_generators: 1.2.0 (/opt/ros/humble/share/rosidl_default_generators/cmake)
-- Using all available rosidl_typesupport_c: rosidl_typesupport_fastrtps_c;rosidl_typesupport_introspection_c
-- Found rosidl_adapter: 3.1.6 (/opt/ros/humble/share/rosidl_adapter/cmake)
-- Using all available rosidl_typesupport_cpp: rosidl_typesupport_fastrtps_cpp;rosidl_typesupport_introspection_cpp
-- Found ament_lint_auto: 0.12.12 (/opt/ros/humble/share/ament_lint_auto/cmake)
-- Added test 'lint_cmake' to check CMake code style
-- Added test 'xmllint' to check XML markup files
-- Configuring done
-- Generating done
-- Build files have been written to: /home/mimi/ran/random/happy_ws/build/service_msgs
-- Install configuration: ""
-- Installing: /home/mimi/ran/random/happy_ws/install/service_msgs/share/ament_index/resource_index/package_run_dependencies/service_msgs
-- Installing: /home/mimi/ran/random/happy_ws/install/service_msgs/share/ament_index/resource_index/parent_prefix_path/service_msgs
-- Installing: /home/mimi/ran/random/happy_ws/install/service_msgs/share/service_msgs/environment/ament_prefix_path.sh
-- Installing: /home/mimi/ran/random/happy_ws/install/service_msgs/share/service_msgs/environment/ament_prefix_path.dsv
-- Installing: /home/mimi/ran/random/happy_ws/install/service_msgs/share/service_msgs/environment/path.sh
-- Installing: /home/mimi/ran/random/happy_ws/install/service_msgs/share/service_msgs/environment/path.dsv
-- Installing: /home/mimi/ran/random/happy_ws/install/service_msgs/share/service_msgs/local_setup.bash
-- Installing: /home/mimi/ran/random/happy_ws/install/service_msgs/share/service_msgs/local_setup.sh
-- Installing: /home/mimi/ran/random/happy_ws/install/service_msgs/share/service_msgs/local_setup.zsh
-- Installing: /home/mimi/ran/random/happy_ws/install/service_msgs/share/service_msgs/local_setup.dsv
-- Installing: /home/mimi/ran/random/happy_ws/install/service_msgs/share/service_msgs/package.dsv
-- Installing: /home/mimi/ran/random/happy_ws/install/service_msgs/share/ament_index/resource_index/packages/service_msgs
-- Installing: /home/mimi/ran/random/happy_ws/install/service_msgs/share/service_msgs/cmake/service_msgsConfig.cmake
-- Installing: /home/mimi/ran/random/happy_ws/install/service_msgs/share/service_msgs/cmake/service_msgsConfig-version.cmake
-- Installing: /home/mimi/ran/random/happy_ws/install/service_msgs/share/service_msgs/package.xml
