[1.589s] Invoking command in '/home/mimi/ran/random/happy_ws/build/service_msgs': CMAKE_PREFIX_PATH=/opt/ros/humble /usr/bin/cmake /home/mimi/ran/random/happy_ws/src/service_msgs -DCMAKE_INSTALL_PREFIX=/home/mimi/ran/random/happy_ws/install/service_msgs
[1.640s] -- Found ament_cmake: 1.3.11 (/opt/ros/humble/share/ament_cmake/cmake)
[2.044s] -- Found rosidl_default_generators: 1.2.0 (/opt/ros/humble/share/rosidl_default_generators/cmake)
[2.050s] -- Using all available rosidl_typesupport_c: rosidl_typesupport_fastrtps_c;rosidl_typesupport_introspection_c
[2.062s] -- Found rosidl_adapter: 3.1.6 (/opt/ros/humble/share/rosidl_adapter/cmake)
[2.162s] -- Using all available rosidl_typesupport_cpp: rosidl_typesupport_fastrtps_cpp;rosidl_typesupport_introspection_cpp
[2.261s] -- Found ament_lint_auto: 0.12.12 (/opt/ros/humble/share/ament_lint_auto/cmake)
[2.536s] -- Added test 'lint_cmake' to check CMake code style
[2.542s] -- Added test 'xmllint' to check XML markup files
[2.547s] -- Configuring done
[2.560s] -- Generating done
[2.568s] -- Build files have been written to: /home/mimi/ran/random/happy_ws/build/service_msgs
[2.579s] Invoked command in '/home/mimi/ran/random/happy_ws/build/service_msgs' returned '0': CMAKE_PREFIX_PATH=/opt/ros/humble /usr/bin/cmake /home/mimi/ran/random/happy_ws/src/service_msgs -DCMAKE_INSTALL_PREFIX=/home/mimi/ran/random/happy_ws/install/service_msgs
[2.585s] Invoking command in '/home/mimi/ran/random/happy_ws/build/service_msgs': CMAKE_PREFIX_PATH=/opt/ros/humble /usr/bin/cmake --build /home/mimi/ran/random/happy_ws/build/service_msgs -- -j8 -l8
[2.719s] Invoked command in '/home/mimi/ran/random/happy_ws/build/service_msgs' returned '0': CMAKE_PREFIX_PATH=/opt/ros/humble /usr/bin/cmake --build /home/mimi/ran/random/happy_ws/build/service_msgs -- -j8 -l8
[2.749s] Invoking command in '/home/mimi/ran/random/happy_ws/build/service_msgs': CMAKE_PREFIX_PATH=/opt/ros/humble /usr/bin/cmake --install /home/mimi/ran/random/happy_ws/build/service_msgs
[2.779s] -- Install configuration: ""
[2.780s] -- Installing: /home/mimi/ran/random/happy_ws/install/service_msgs/share/ament_index/resource_index/package_run_dependencies/service_msgs
[2.781s] -- Installing: /home/mimi/ran/random/happy_ws/install/service_msgs/share/ament_index/resource_index/parent_prefix_path/service_msgs
[2.781s] -- Installing: /home/mimi/ran/random/happy_ws/install/service_msgs/share/service_msgs/environment/ament_prefix_path.sh
[2.782s] -- Installing: /home/mimi/ran/random/happy_ws/install/service_msgs/share/service_msgs/environment/ament_prefix_path.dsv
[2.783s] -- Installing: /home/mimi/ran/random/happy_ws/install/service_msgs/share/service_msgs/environment/path.sh
[2.783s] -- Installing: /home/mimi/ran/random/happy_ws/install/service_msgs/share/service_msgs/environment/path.dsv
[2.784s] -- Installing: /home/mimi/ran/random/happy_ws/install/service_msgs/share/service_msgs/local_setup.bash
[2.785s] -- Installing: /home/mimi/ran/random/happy_ws/install/service_msgs/share/service_msgs/local_setup.sh
[2.787s] -- Installing: /home/mimi/ran/random/happy_ws/install/service_msgs/share/service_msgs/local_setup.zsh
[2.787s] -- Installing: /home/mimi/ran/random/happy_ws/install/service_msgs/share/service_msgs/local_setup.dsv
[2.790s] -- Installing: /home/mimi/ran/random/happy_ws/install/service_msgs/share/service_msgs/package.dsv
[2.790s] -- Installing: /home/mimi/ran/random/happy_ws/install/service_msgs/share/ament_index/resource_index/packages/service_msgs
[2.791s] -- Installing: /home/mimi/ran/random/happy_ws/install/service_msgs/share/service_msgs/cmake/service_msgsConfig.cmake
[2.791s] -- Installing: /home/mimi/ran/random/happy_ws/install/service_msgs/share/service_msgs/cmake/service_msgsConfig-version.cmake
[2.792s] -- Installing: /home/mimi/ran/random/happy_ws/install/service_msgs/share/service_msgs/package.xml
[2.797s] Invoked command in '/home/mimi/ran/random/happy_ws/build/service_msgs' returned '0': CMAKE_PREFIX_PATH=/opt/ros/humble /usr/bin/cmake --install /home/mimi/ran/random/happy_ws/build/service_msgs
