[1.465s] Invoking command in '/home/mimi/ran/random/happy_ws/build/service_msgs': CMAKE_PREFIX_PATH=/opt/ros/humble /usr/bin/cmake /home/mimi/ran/random/happy_ws/src/service_msgs -DCMAKE_INSTALL_PREFIX=/home/mimi/ran/random/happy_ws/install/service_msgs
[1.521s] -- Found ament_cmake: 1.3.11 (/opt/ros/humble/share/ament_cmake/cmake)
[1.939s] -- Found rosidl_default_generators: 1.2.0 (/opt/ros/humble/share/rosidl_default_generators/cmake)
[1.944s] -- Using all available rosidl_typesupport_c: rosidl_typesupport_fastrtps_c;rosidl_typesupport_introspection_c
[1.953s] -- Found rosidl_adapter: 3.1.6 (/opt/ros/humble/share/rosidl_adapter/cmake)
[2.048s] -- Using all available rosidl_typesupport_cpp: rosidl_typesupport_fastrtps_cpp;rosidl_typesupport_introspection_cpp
[2.739s] -- Configuring incomplete, errors occurred!
[2.740s] See also "/home/mimi/ran/random/happy_ws/build/service_msgs/CMakeFiles/CMakeOutput.log".
[2.740s] [31mCMake Error at /opt/ros/humble/share/rosidl_adapter/cmake/rosidl_adapt_interfaces.cmake:59 (message):
[2.740s]   execute_process(/usr/bin/python3 -m rosidl_adapter --package-name
[2.740s]   service_msgs --arguments-file
[2.741s]   /home/mimi/ran/random/happy_ws/build/service_msgs/rosidl_adapter__arguments__service_msgs.json
[2.741s]   --output-dir
[2.741s]   /home/mimi/ran/random/happy_ws/build/service_msgs/rosidl_adapter/service_msgs
[2.741s]   --output-file
[2.741s]   /home/mimi/ran/random/happy_ws/build/service_msgs/rosidl_adapter/service_msgs.idls)
[2.742s]   returned error code 1:
[2.742s] 
[2.742s]   Traceback (most recent call last):
[2.742s] 
[2.742s]     File "/usr/lib/python3.10/runpy.py", line 196, in _run_module_as_main
[2.743s]       return _run_code(code, main_globals, None,
[2.743s]     File "/usr/lib/python3.10/runpy.py", line 86, in _run_code
[2.743s]       exec(code, run_globals)
[2.743s]     File "/opt/ros/humble/local/lib/python3.10/dist-packages/rosidl_adapter/__main__.py", line 19, in <module>
[2.743s]       sys.exit(main())
[2.744s]     File "/opt/ros/humble/local/lib/python3.10/dist-packages/rosidl_adapter/main.py", line 53, in main
[2.744s]       abs_idl_file = convert_to_idl(
[2.744s]     File "/opt/ros/humble/local/lib/python3.10/dist-packages/rosidl_adapter/__init__.py", line 24, in convert_to_idl
[2.744s]       return convert_srv_to_idl(
[2.745s]     File "/opt/ros/humble/local/lib/python3.10/dist-packages/rosidl_adapter/srv/__init__.py", line 28, in convert_srv_to_idl
[2.745s]       srv = parse_service_string(package_name, input_file.stem, content)
[2.745s]     File "/opt/ros/humble/local/lib/python3.10/dist-packages/rosidl_adapter/parser.py", line 859, in parse_service_string
[2.745s]       request_message = parse_message_string(
[2.746s]     File "/opt/ros/humble/local/lib/python3.10/dist-packages/rosidl_adapter/parser.py", line 544, in parse_message_string
[2.746s]       msg = MessageSpecification(pkg_name, msg_name, fields, constants)
[2.746s]     File "/opt/ros/humble/local/lib/python3.10/dist-packages/rosidl_adapter/parser.py", line 388, in __init__
[2.746s]       self.base_type = BaseType(
[2.747s]     File "/opt/ros/humble/local/lib/python3.10/dist-packages/rosidl_adapter/parser.py", line 205, in __init__
[2.747s]       raise InvalidResourceName(
[2.747s] 
[2.747s]   rosidl_adapter.parser.InvalidResourceName: 'random_Request' is an invalid
[2.747s]   message name.  It should have the pattern '^[A-Z][A-Za-z0-9]*$'
[2.748s] 
[2.748s] Call Stack (most recent call first):
[2.748s]   /opt/ros/humble/share/rosidl_cmake/cmake/rosidl_generate_interfaces.cmake:130 (rosidl_adapt_interfaces)
[2.748s]   CMakeLists.txt:14 (rosidl_generate_interfaces)
[2.749s] 
[2.749s] [0m
[2.758s] Invoked command in '/home/mimi/ran/random/happy_ws/build/service_msgs' returned '1': CMAKE_PREFIX_PATH=/opt/ros/humble /usr/bin/cmake /home/mimi/ran/random/happy_ws/src/service_msgs -DCMAKE_INSTALL_PREFIX=/home/mimi/ran/random/happy_ws/install/service_msgs
