running egg_info
creating ../../build/random/random.egg-info
writing ../../build/random/random.egg-info/PKG-INFO
writing dependency_links to ../../build/random/random.egg-info/dependency_links.txt
writing entry points to ../../build/random/random.egg-info/entry_points.txt
writing requirements to ../../build/random/random.egg-info/requires.txt
writing top-level names to ../../build/random/random.egg-info/top_level.txt
writing manifest file '../../build/random/random.egg-info/SOURCES.txt'
reading manifest file '../../build/random/random.egg-info/SOURCES.txt'
writing manifest file '../../build/random/random.egg-info/SOURCES.txt'
running build
running build_py
creating /home/mimi/ran/random/happy_ws/build/random/build
creating /home/mimi/ran/random/happy_ws/build/random/build/lib
creating /home/mimi/ran/random/happy_ws/build/random/build/lib/random_nomber
copying random_nomber/random.py -> /home/mimi/ran/random/happy_ws/build/random/build/lib/random_nomber
copying random_nomber/__init__.py -> /home/mimi/ran/random/happy_ws/build/random/build/lib/random_nomber
running install
running install_lib
creating /home/mimi/ran/random/happy_ws/install/random/lib/python3.10/site-packages/random_nomber
copying /home/mimi/ran/random/happy_ws/build/random/build/lib/random_nomber/random.py -> /home/mimi/ran/random/happy_ws/install/random/lib/python3.10/site-packages/random_nomber
copying /home/mimi/ran/random/happy_ws/build/random/build/lib/random_nomber/__init__.py -> /home/mimi/ran/random/happy_ws/install/random/lib/python3.10/site-packages/random_nomber
byte-compiling /home/mimi/ran/random/happy_ws/install/random/lib/python3.10/site-packages/random_nomber/random.py to random.cpython-310.pyc
byte-compiling /home/mimi/ran/random/happy_ws/install/random/lib/python3.10/site-packages/random_nomber/__init__.py to __init__.cpython-310.pyc
running install_data
creating /home/mimi/ran/random/happy_ws/install/random/share/ament_index
creating /home/mimi/ran/random/happy_ws/install/random/share/ament_index/resource_index
creating /home/mimi/ran/random/happy_ws/install/random/share/ament_index/resource_index/packages
copying resource/random -> /home/mimi/ran/random/happy_ws/install/random/share/ament_index/resource_index/packages
copying package.xml -> /home/mimi/ran/random/happy_ws/install/random/share/random
running install_egg_info
Copying ../../build/random/random.egg-info to /home/mimi/ran/random/happy_ws/install/random/lib/python3.10/site-packages/random-0.0.0-py3.10.egg-info
running install_scripts
writing list of installed files to '/home/mimi/ran/random/happy_ws/build/random/install.log'
