[2.967s] Invoking command in '/home/mimi/ran/random/happy_ws/src/random': PYTHONPATH=/home/mimi/ran/random/happy_ws/build/random/prefix_override:/usr/lib/python3/dist-packages/colcon_core/task/python/colcon_distutils_commands:/home/mimi/ran/random/happy_ws/install/random/lib/python3.10/site-packages:${PYTHONPATH} /usr/bin/python3 -W ignore:setup.py install is deprecated -W ignore:easy_install command is deprecated setup.py egg_info --egg-base ../../build/random build --build-base /home/mimi/ran/random/happy_ws/build/random/build install --record /home/mimi/ran/random/happy_ws/build/random/install.log --single-version-externally-managed install_data
[3.743s] running egg_info
[3.745s] creating ../../build/random/random.egg-info
[3.745s] writing ../../build/random/random.egg-info/PKG-INFO
[3.747s] writing dependency_links to ../../build/random/random.egg-info/dependency_links.txt
[3.748s] writing entry points to ../../build/random/random.egg-info/entry_points.txt
[3.748s] writing requirements to ../../build/random/random.egg-info/requires.txt
[3.748s] writing top-level names to ../../build/random/random.egg-info/top_level.txt
[3.749s] writing manifest file '../../build/random/random.egg-info/SOURCES.txt'
[3.753s] reading manifest file '../../build/random/random.egg-info/SOURCES.txt'
[3.756s] writing manifest file '../../build/random/random.egg-info/SOURCES.txt'
[3.757s] running build
[3.757s] running build_py
[3.758s] creating /home/mimi/ran/random/happy_ws/build/random/build
[3.758s] creating /home/mimi/ran/random/happy_ws/build/random/build/lib
[3.759s] creating /home/mimi/ran/random/happy_ws/build/random/build/lib/random_nomber
[3.759s] copying random_nomber/random.py -> /home/mimi/ran/random/happy_ws/build/random/build/lib/random_nomber
[3.760s] copying random_nomber/__init__.py -> /home/mimi/ran/random/happy_ws/build/random/build/lib/random_nomber
[3.760s] running install
[3.761s] running install_lib
[3.763s] creating /home/mimi/ran/random/happy_ws/install/random/lib/python3.10/site-packages/random_nomber
[3.763s] copying /home/mimi/ran/random/happy_ws/build/random/build/lib/random_nomber/random.py -> /home/mimi/ran/random/happy_ws/install/random/lib/python3.10/site-packages/random_nomber
[3.764s] copying /home/mimi/ran/random/happy_ws/build/random/build/lib/random_nomber/__init__.py -> /home/mimi/ran/random/happy_ws/install/random/lib/python3.10/site-packages/random_nomber
[3.766s] byte-compiling /home/mimi/ran/random/happy_ws/install/random/lib/python3.10/site-packages/random_nomber/random.py to random.cpython-310.pyc
[3.768s] byte-compiling /home/mimi/ran/random/happy_ws/install/random/lib/python3.10/site-packages/random_nomber/__init__.py to __init__.cpython-310.pyc
[3.769s] running install_data
[3.770s] creating /home/mimi/ran/random/happy_ws/install/random/share/ament_index
[3.770s] creating /home/mimi/ran/random/happy_ws/install/random/share/ament_index/resource_index
[3.771s] creating /home/mimi/ran/random/happy_ws/install/random/share/ament_index/resource_index/packages
[3.771s] copying resource/random -> /home/mimi/ran/random/happy_ws/install/random/share/ament_index/resource_index/packages
[3.771s] copying package.xml -> /home/mimi/ran/random/happy_ws/install/random/share/random
[3.772s] running install_egg_info
[3.777s] Copying ../../build/random/random.egg-info to /home/mimi/ran/random/happy_ws/install/random/lib/python3.10/site-packages/random-0.0.0-py3.10.egg-info
[3.785s] running install_scripts
[3.847s] writing list of installed files to '/home/mimi/ran/random/happy_ws/build/random/install.log'
[3.896s] Invoked command in '/home/mimi/ran/random/happy_ws/src/random' returned '0': PYTHONPATH=/home/mimi/ran/random/happy_ws/build/random/prefix_override:/usr/lib/python3/dist-packages/colcon_core/task/python/colcon_distutils_commands:/home/mimi/ran/random/happy_ws/install/random/lib/python3.10/site-packages:${PYTHONPATH} /usr/bin/python3 -W ignore:setup.py install is deprecated -W ignore:easy_install command is deprecated setup.py egg_info --egg-base ../../build/random build --build-base /home/mimi/ran/random/happy_ws/build/random/build install --record /home/mimi/ran/random/happy_ws/build/random/install.log --single-version-externally-managed install_data
