[3.185s] Invoking command in '/home/mimi/ran/random/happy_ws/src/service': PYTHONPATH=/home/mimi/ran/random/happy_ws/build/service/prefix_override:/usr/lib/python3/dist-packages/colcon_core/task/python/colcon_distutils_commands:/home/mimi/ran/random/happy_ws/install/service/lib/python3.10/site-packages:${PYTHONPATH} /usr/bin/python3 -W ignore:setup.py install is deprecated -W ignore:easy_install command is deprecated setup.py egg_info --egg-base ../../build/service build --build-base /home/mimi/ran/random/happy_ws/build/service/build install --record /home/mimi/ran/random/happy_ws/build/service/install.log --single-version-externally-managed install_data
[4.072s] running egg_info
[4.073s] writing ../../build/service/service.egg-info/PKG-INFO
[4.075s] writing dependency_links to ../../build/service/service.egg-info/dependency_links.txt
[4.076s] writing entry points to ../../build/service/service.egg-info/entry_points.txt
[4.077s] writing requirements to ../../build/service/service.egg-info/requires.txt
[4.078s] writing top-level names to ../../build/service/service.egg-info/top_level.txt
[4.084s] reading manifest file '../../build/service/service.egg-info/SOURCES.txt'
[4.090s] writing manifest file '../../build/service/service.egg-info/SOURCES.txt'
[4.091s] running build
[4.091s] running build_py
[4.092s] running install
[4.093s] running install_lib
[4.097s] running install_data
[4.098s] running install_egg_info
[4.104s] removing '/home/mimi/ran/random/happy_ws/install/service/lib/python3.10/site-packages/service-0.0.0-py3.10.egg-info' (and everything under it)
[4.105s] Copying ../../build/service/service.egg-info to /home/mimi/ran/random/happy_ws/install/service/lib/python3.10/site-packages/service-0.0.0-py3.10.egg-info
[4.111s] running install_scripts
[4.179s] Installing client script to /home/mimi/ran/random/happy_ws/install/service/lib/service
[4.180s] Installing server script to /home/mimi/ran/random/happy_ws/install/service/lib/service
[4.182s] writing list of installed files to '/home/mimi/ran/random/happy_ws/build/service/install.log'
[4.273s] Invoked command in '/home/mimi/ran/random/happy_ws/src/service' returned '0': PYTHONPATH=/home/mimi/ran/random/happy_ws/build/service/prefix_override:/usr/lib/python3/dist-packages/colcon_core/task/python/colcon_distutils_commands:/home/mimi/ran/random/happy_ws/install/service/lib/python3.10/site-packages:${PYTHONPATH} /usr/bin/python3 -W ignore:setup.py install is deprecated -W ignore:easy_install command is deprecated setup.py egg_info --egg-base ../../build/service build --build-base /home/mimi/ran/random/happy_ws/build/service/build install --record /home/mimi/ran/random/happy_ws/build/service/install.log --single-version-externally-managed install_data
