[2.687s] Invoking command in '/home/mimi/ran/random/happy_ws/src/random': PYTHONPATH=/home/mimi/ran/random/happy_ws/build/random/prefix_override:/usr/lib/python3/dist-packages/colcon_core/task/python/colcon_distutils_commands:/home/mimi/ran/random/happy_ws/install/random/lib/python3.10/site-packages:${PYTHONPATH} /usr/bin/python3 -W ignore:setup.py install is deprecated -W ignore:easy_install command is deprecated setup.py egg_info --egg-base ../../build/random build --build-base /home/mimi/ran/random/happy_ws/build/random/build install --record /home/mimi/ran/random/happy_ws/build/random/install.log --single-version-externally-managed install_data
[3.412s] running egg_info
[3.414s] writing ../../build/random/random.egg-info/PKG-INFO
[3.415s] writing dependency_links to ../../build/random/random.egg-info/dependency_links.txt
[3.415s] writing entry points to ../../build/random/random.egg-info/entry_points.txt
[3.416s] writing requirements to ../../build/random/random.egg-info/requires.txt
[3.416s] writing top-level names to ../../build/random/random.egg-info/top_level.txt
[3.421s] reading manifest file '../../build/random/random.egg-info/SOURCES.txt'
[3.424s] writing manifest file '../../build/random/random.egg-info/SOURCES.txt'
[3.424s] running build
[3.425s] running build_py
[3.425s] running install
[3.426s] running install_lib
[3.430s] running install_data
[3.430s] running install_egg_info
[3.436s] removing '/home/mimi/ran/random/happy_ws/install/random/lib/python3.10/site-packages/random-0.0.0-py3.10.egg-info' (and everything under it)
[3.437s] Copying ../../build/random/random.egg-info to /home/mimi/ran/random/happy_ws/install/random/lib/python3.10/site-packages/random-0.0.0-py3.10.egg-info
[3.441s] running install_scripts
[3.502s] writing list of installed files to '/home/mimi/ran/random/happy_ws/build/random/install.log'
[3.557s] Invoked command in '/home/mimi/ran/random/happy_ws/src/random' returned '0': PYTHONPATH=/home/mimi/ran/random/happy_ws/build/random/prefix_override:/usr/lib/python3/dist-packages/colcon_core/task/python/colcon_distutils_commands:/home/mimi/ran/random/happy_ws/install/random/lib/python3.10/site-packages:${PYTHONPATH} /usr/bin/python3 -W ignore:setup.py install is deprecated -W ignore:easy_install command is deprecated setup.py egg_info --egg-base ../../build/random build --build-base /home/mimi/ran/random/happy_ws/build/random/build install --record /home/mimi/ran/random/happy_ws/build/random/install.log --single-version-externally-managed install_data
